[2018-06-03T16:20:51.719] [DEBUG] cheese - login => username:admin,password:123456
[2018-06-03T16:20:51.768] [DEBUG] cheese - admin
[2018-06-03T16:20:51.803] [DEBUG] cheese - null
[2018-06-03T16:20:51.805] [DEBUG] cheese - null
[2018-06-03T16:27:25.006] [DEBUG] cheese - login => username:admin,password:123456
[2018-06-03T16:27:25.006] [DEBUG] cheese - admin
[2018-06-03T16:27:25.010] [DEBUG] cheese - null
[2018-06-03T16:27:25.011] [DEBUG] cheese - null
[2018-06-03T16:31:20.900] [DEBUG] cheese - login => username:admin,password:123456
[2018-06-03T16:31:20.900] [DEBUG] cheese - admin
[2018-06-03T16:31:20.903] [DEBUG] cheese - null
[2018-06-03T16:31:20.903] [DEBUG] cheese - null
[2018-06-03T16:31:22.333] [DEBUG] cheese - login => username:admin,password:123456
[2018-06-03T16:31:22.333] [DEBUG] cheese - admin
[2018-06-03T16:31:22.335] [DEBUG] cheese - null
[2018-06-03T16:31:22.335] [DEBUG] cheese - null
[2018-06-03T16:51:36.945] [DEBUG] cheese - login => username:admin,password:123456
[2018-06-03T16:51:36.945] [DEBUG] cheese - admin
[2018-06-03T16:51:36.948] [DEBUG] cheese - null
[2018-06-03T16:51:36.948] [DEBUG] cheese - null
[2018-06-04T13:13:38.711] [DEBUG] cheese - login => username:asf,password:sfda
[2018-06-04T13:13:38.742] [DEBUG] cheese - asf
[2018-06-04T13:13:40.543] [DEBUG] cheese - null
[2018-06-04T13:13:40.543] [DEBUG] cheese - null
[2018-06-04T13:14:43.444] [DEBUG] cheese - login => username:aaa,password:bbb
[2018-06-04T13:14:43.444] [DEBUG] cheese - aaa
[2018-06-04T13:14:43.465] [DEBUG] cheese - null
[2018-06-04T13:14:43.466] [DEBUG] cheese - null
[2018-06-04T13:15:11.926] [DEBUG] cheese - login => username:asd,password:asd
[2018-06-04T13:15:11.926] [DEBUG] cheese - asd
[2018-06-04T13:15:11.930] [DEBUG] cheese - null
[2018-06-04T13:15:11.930] [DEBUG] cheese - null
[2018-06-04T13:15:23.951] [DEBUG] cheese - login => username:aaa,password:aaa
[2018-06-04T13:15:23.952] [DEBUG] cheese - aaa
[2018-06-04T13:15:23.960] [DEBUG] cheese - null
[2018-06-04T13:15:23.960] [DEBUG] cheese - null
[2018-06-04T13:15:37.363] [DEBUG] cheese - login => username:admin,password:123456
[2018-06-04T13:15:37.363] [DEBUG] cheese - admin
[2018-06-04T13:15:37.373] [DEBUG] cheese - null
[2018-06-04T13:15:37.373] [DEBUG] cheese - null
[2018-06-04T15:32:19.306] [DEBUG] cheese - login => username:admin,password:123456
[2018-06-04T15:32:19.322] [DEBUG] cheese - admin
[2018-06-04T15:32:19.431] [DEBUG] cheese - null
[2018-06-04T15:32:19.431] [DEBUG] cheese - null
[2018-06-04T19:33:07.573] [DEBUG] cheese - login => username:admin,password:123456
[2018-06-04T19:33:07.854] [DEBUG] cheese - admin
[2018-06-04T19:33:09.010] [DEBUG] cheese - login => username:admin,password:123456
[2018-06-04T19:33:09.010] [DEBUG] cheese - admin
[2018-06-04T19:33:11.052] [DEBUG] cheese - null
[2018-06-04T19:33:11.053] [DEBUG] cheese - null
[2018-06-04T19:33:11.599] [DEBUG] cheese - null
[2018-06-04T19:33:11.599] [DEBUG] cheese - null
[2018-06-04T19:33:56.513] [DEBUG] cheese - login => username:admin,password:123456
[2018-06-04T19:33:56.513] [DEBUG] cheese - admin
[2018-06-04T19:33:56.543] [DEBUG] cheese - null
[2018-06-04T19:33:56.543] [DEBUG] cheese - null
[2018-06-05T06:34:07.735] [DEBUG] cheese - login => username:admin,password:123456
[2018-06-05T06:34:07.759] [DEBUG] cheese - admin
[2018-06-05T06:34:07.846] [DEBUG] cheese - null
[2018-06-05T06:34:07.846] [DEBUG] cheese - null
[2018-06-05T12:56:46.848] [DEBUG] cheese - login => username:admin,password:123456
[2018-06-05T12:56:46.849] [DEBUG] cheese - admin
[2018-06-05T12:56:46.951] [DEBUG] cheese - null
[2018-06-05T12:56:46.952] [DEBUG] cheese - null
[2018-06-06T12:55:56.462] [DEBUG] cheese - login => username:admin,password:123456
[2018-06-06T12:55:56.463] [DEBUG] cheese - admin
[2018-06-06T12:55:56.643] [DEBUG] cheese - null
[2018-06-06T12:55:56.643] [DEBUG] cheese - null
[2018-06-06T14:07:18.071] [DEBUG] cheese - login => username:admin,password:123456
[2018-06-06T14:07:18.103] [DEBUG] cheese - admin
[2018-06-06T14:07:18.201] [DEBUG] cheese - null
[2018-06-06T14:07:18.201] [DEBUG] cheese - null
[2018-06-07T01:09:49.128] [DEBUG] cheese - login => username:admin,password:123456
[2018-06-07T01:09:49.390] [DEBUG] cheese - admin
[2018-06-07T01:09:49.548] [DEBUG] cheese - null
[2018-06-07T01:09:49.558] [DEBUG] cheese - null
[2018-06-07T13:03:15.850] [DEBUG] cheese - login => username:admin,password:123456
[2018-06-07T13:03:15.867] [DEBUG] cheese - admin
[2018-06-07T13:03:15.986] [DEBUG] cheese - null
[2018-06-07T13:03:15.989] [DEBUG] cheese - null
[2018-06-07T13:03:22.376] [DEBUG] cheese - null
[2018-06-07T13:03:22.423] [DEBUG] cheese - null
[2018-06-07T13:29:24.200] [DEBUG] cheese - null
[2018-06-07T13:29:24.203] [DEBUG] cheese - null
[2018-06-07T13:30:48.645] [DEBUG] cheese - null
[2018-06-07T13:30:48.647] [DEBUG] cheese - null
[2018-06-07T13:32:01.540] [DEBUG] cheese - null
[2018-06-07T13:32:01.543] [DEBUG] cheese - null
[2018-06-07T13:34:02.410] [DEBUG] cheese - null
[2018-06-07T13:34:02.412] [DEBUG] cheese - null
[2018-06-07T13:34:03.234] [DEBUG] cheese - null
[2018-06-07T13:34:03.236] [DEBUG] cheese - null
[2018-06-07T14:17:58.514] [DEBUG] cheese - null
[2018-06-07T14:17:58.521] [DEBUG] cheese - null
[2018-06-07T14:18:31.336] [DEBUG] cheese - null
[2018-06-07T14:18:31.340] [DEBUG] cheese - null
[2018-06-07T18:54:08.905] [DEBUG] cheese - null
[2018-06-07T18:54:09.140] [DEBUG] cheese - null
[2018-06-07T18:54:26.241] [DEBUG] cheese - null
[2018-06-07T18:54:26.262] [DEBUG] cheese - null
[2018-06-07T18:55:06.472] [DEBUG] cheese - null
[2018-06-07T18:55:06.768] [DEBUG] cheese - null
[2018-06-07T18:55:07.386] [DEBUG] cheese - null
[2018-06-07T18:55:07.402] [DEBUG] cheese - null
[2018-06-07T18:55:09.993] [DEBUG] cheese - null
[2018-06-07T18:55:09.996] [DEBUG] cheese - null
[2018-06-07T18:55:17.692] [DEBUG] cheese - null
[2018-06-07T18:55:17.707] [DEBUG] cheese - null
[2018-06-07T18:55:54.661] [DEBUG] cheese - null
[2018-06-07T18:55:54.663] [DEBUG] cheese - null
[2018-06-07T18:56:02.947] [DEBUG] cheese - null
[2018-06-07T18:56:02.951] [DEBUG] cheese - null
[2018-06-07T19:41:55.474] [DEBUG] cheese - null
[2018-06-07T19:41:55.714] [DEBUG] cheese - null
[2018-06-07T19:42:20.821] [DEBUG] cheese - null
[2018-06-07T19:42:20.832] [DEBUG] cheese - null
[2018-06-07T19:42:35.703] [DEBUG] cheese - null
[2018-06-07T19:42:35.719] [DEBUG] cheese - null
[2018-06-07T19:42:38.845] [DEBUG] cheese - null
[2018-06-07T19:42:38.856] [DEBUG] cheese - null
[2018-06-07T19:42:39.981] [DEBUG] cheese - null
[2018-06-07T19:42:39.985] [DEBUG] cheese - null
[2018-06-07T19:47:12.252] [DEBUG] cheese - null
[2018-06-07T19:47:12.266] [DEBUG] cheese - null
[2018-06-07T19:48:02.725] [DEBUG] cheese - null
[2018-06-07T19:48:02.794] [DEBUG] cheese - null
[2018-06-07T19:51:54.919] [DEBUG] cheese - null
[2018-06-07T19:51:54.921] [DEBUG] cheese - null
[2018-06-07T19:52:22.599] [DEBUG] cheese - null
[2018-06-07T19:52:22.600] [DEBUG] cheese - null
[2018-06-07T19:57:42.057] [DEBUG] cheese - null
[2018-06-07T19:57:42.075] [DEBUG] cheese - null
[2018-06-07T19:57:50.723] [DEBUG] cheese - null
[2018-06-07T19:57:50.727] [DEBUG] cheese - null
[2018-06-07T19:59:15.745] [DEBUG] cheese - null
[2018-06-07T19:59:15.793] [DEBUG] cheese - null
[2018-06-07T20:01:44.845] [DEBUG] cheese - null
[2018-06-07T20:01:44.847] [DEBUG] cheese - null
[2018-06-07T20:03:39.597] [DEBUG] cheese - null
[2018-06-07T20:03:39.599] [DEBUG] cheese - null
[2018-06-07T20:20:11.353] [DEBUG] cheese - null
[2018-06-07T20:20:11.357] [DEBUG] cheese - null
[2018-06-07T20:25:19.787] [DEBUG] cheese - null
[2018-06-07T20:25:19.810] [DEBUG] cheese - null
[2018-06-07T20:28:45.991] [DEBUG] cheese - null
[2018-06-07T20:28:45.994] [DEBUG] cheese - null
[2018-06-07T20:29:06.533] [DEBUG] cheese - null
[2018-06-07T20:29:06.535] [DEBUG] cheese - null
[2018-06-07T20:34:15.418] [DEBUG] cheese - null
[2018-06-07T20:34:15.419] [DEBUG] cheese - null
[2018-06-07T20:34:56.345] [DEBUG] cheese - null
[2018-06-07T20:34:56.360] [DEBUG] cheese - null
[2018-06-07T20:38:57.823] [DEBUG] cheese - null
[2018-06-07T20:38:57.826] [DEBUG] cheese - null
[2018-06-07T20:39:22.399] [DEBUG] cheese - null
[2018-06-07T20:39:22.401] [DEBUG] cheese - null
[2018-06-07T20:39:36.880] [DEBUG] cheese - null
[2018-06-07T20:39:36.895] [DEBUG] cheese - null
[2018-06-07T20:39:41.190] [DEBUG] cheese - null
[2018-06-07T20:39:41.194] [DEBUG] cheese - null
[2018-06-07T20:39:41.324] [DEBUG] cheese - null
[2018-06-07T20:39:41.343] [DEBUG] cheese - null
[2018-06-07T20:39:47.034] [DEBUG] cheese - null
[2018-06-07T20:39:47.036] [DEBUG] cheese - null
[2018-06-07T20:39:48.604] [DEBUG] cheese - null
[2018-06-07T20:39:48.606] [DEBUG] cheese - null
[2018-06-07T20:44:02.948] [DEBUG] cheese - null
[2018-06-07T20:44:02.981] [DEBUG] cheese - null
[2018-06-07T20:45:56.566] [DEBUG] cheese - null
[2018-06-07T20:45:56.568] [DEBUG] cheese - null
[2018-06-07T20:49:23.404] [DEBUG] cheese - null
[2018-06-07T20:49:23.408] [DEBUG] cheese - null
[2018-06-07T20:49:50.536] [DEBUG] cheese - null
[2018-06-07T20:49:50.537] [DEBUG] cheese - null
[2018-06-07T20:50:07.341] [DEBUG] cheese - null
[2018-06-07T20:50:07.347] [DEBUG] cheese - null
[2018-06-07T20:50:09.459] [DEBUG] cheese - null
[2018-06-07T20:50:09.462] [DEBUG] cheese - null
[2018-06-07T20:51:25.162] [DEBUG] cheese - null
[2018-06-07T20:51:25.164] [DEBUG] cheese - null
[2018-06-07T20:51:27.379] [DEBUG] cheese - null
[2018-06-07T20:51:27.420] [DEBUG] cheese - null
[2018-06-07T20:51:27.498] [DEBUG] cheese - null
[2018-06-07T20:51:27.511] [DEBUG] cheese - null
[2018-06-07T20:51:38.264] [DEBUG] cheese - null
[2018-06-07T20:51:38.266] [DEBUG] cheese - null
[2018-06-07T20:51:39.185] [DEBUG] cheese - null
[2018-06-07T20:51:39.200] [DEBUG] cheese - null
[2018-06-07T20:51:42.162] [DEBUG] cheese - null
[2018-06-07T20:51:42.166] [DEBUG] cheese - null
[2018-06-07T21:10:46.108] [DEBUG] cheese - null
[2018-06-07T21:10:46.145] [DEBUG] cheese - null
[2018-06-07T21:12:09.711] [DEBUG] cheese - null
[2018-06-07T21:12:09.712] [DEBUG] cheese - null
[2018-06-07T21:15:36.537] [DEBUG] cheese - null
[2018-06-07T21:15:36.539] [DEBUG] cheese - null
[2018-06-07T21:15:49.522] [DEBUG] cheese - null
[2018-06-07T21:15:49.524] [DEBUG] cheese - null
[2018-06-07T21:15:51.695] [DEBUG] cheese - null
[2018-06-07T21:15:51.698] [DEBUG] cheese - null
[2018-06-07T21:15:57.475] [DEBUG] cheese - null
[2018-06-07T21:15:57.477] [DEBUG] cheese - null
[2018-06-07T21:15:59.785] [DEBUG] cheese - null
[2018-06-07T21:15:59.787] [DEBUG] cheese - null
[2018-06-07T21:17:23.771] [DEBUG] cheese - null
[2018-06-07T21:17:23.879] [DEBUG] cheese - null
[2018-06-07T21:17:25.517] [DEBUG] cheese - null
[2018-06-07T21:17:25.518] [DEBUG] cheese - null
[2018-06-07T21:18:35.441] [DEBUG] cheese - null
[2018-06-07T21:18:35.446] [DEBUG] cheese - null
[2018-06-07T21:18:37.552] [DEBUG] cheese - null
[2018-06-07T21:18:37.554] [DEBUG] cheese - null
[2018-06-07T21:27:05.450] [DEBUG] cheese - null
[2018-06-07T21:27:05.453] [DEBUG] cheese - null
[2018-06-07T21:28:32.261] [DEBUG] cheese - null
[2018-06-07T21:28:32.266] [DEBUG] cheese - null
[2018-06-07T21:29:47.976] [DEBUG] cheese - null
[2018-06-07T21:29:47.978] [DEBUG] cheese - null
[2018-06-07T21:31:00.517] [DEBUG] cheese - null
[2018-06-07T21:31:00.522] [DEBUG] cheese - null
[2018-06-07T21:31:06.913] [DEBUG] cheese - null
[2018-06-07T21:31:06.915] [DEBUG] cheese - null
[2018-06-07T21:31:51.236] [DEBUG] cheese - null
[2018-06-07T21:31:51.238] [DEBUG] cheese - null
[2018-06-07T21:31:57.702] [DEBUG] cheese - null
[2018-06-07T21:31:57.703] [DEBUG] cheese - null
[2018-06-07T21:32:10.184] [DEBUG] cheese - null
[2018-06-07T21:32:10.185] [DEBUG] cheese - null
[2018-06-07T21:38:29.629] [DEBUG] cheese - null
[2018-06-07T21:38:29.633] [DEBUG] cheese - null
[2018-06-07T21:38:49.096] [DEBUG] cheese - null
[2018-06-07T21:38:49.255] [DEBUG] cheese - null
[2018-06-07T21:39:04.030] [DEBUG] cheese - null
[2018-06-07T21:39:04.033] [DEBUG] cheese - null
[2018-06-07T21:39:12.745] [DEBUG] cheese - null
[2018-06-07T21:39:12.747] [DEBUG] cheese - null
[2018-06-07T21:40:36.355] [DEBUG] cheese - null
[2018-06-07T21:40:36.442] [DEBUG] cheese - null
[2018-06-07T21:40:40.698] [DEBUG] cheese - null
[2018-06-07T21:40:40.704] [DEBUG] cheese - null
[2018-06-07T21:40:56.256] [DEBUG] cheese - null
[2018-06-07T21:40:56.258] [DEBUG] cheese - null
[2018-06-07T21:41:02.735] [DEBUG] cheese - null
[2018-06-07T21:41:02.737] [DEBUG] cheese - null
[2018-06-07T21:41:21.289] [DEBUG] cheese - null
[2018-06-07T21:41:21.295] [DEBUG] cheese - null
[2018-06-07T21:41:26.945] [DEBUG] cheese - null
[2018-06-07T21:41:26.946] [DEBUG] cheese - null
[2018-06-07T21:41:30.079] [DEBUG] cheese - null
[2018-06-07T21:41:30.081] [DEBUG] cheese - null
[2018-06-07T21:41:34.750] [DEBUG] cheese - null
[2018-06-07T21:41:34.774] [DEBUG] cheese - null
[2018-06-07T21:41:37.923] [DEBUG] cheese - null
[2018-06-07T21:41:37.927] [DEBUG] cheese - null
[2018-06-07T21:42:50.074] [DEBUG] cheese - null
[2018-06-07T21:42:50.077] [DEBUG] cheese - null
[2018-06-07T21:43:53.842] [DEBUG] cheese - null
[2018-06-07T21:43:53.844] [DEBUG] cheese - null
[2018-06-07T21:45:13.903] [DEBUG] cheese - null
[2018-06-07T21:45:13.910] [DEBUG] cheese - null
[2018-06-07T21:46:13.477] [DEBUG] cheese - null
[2018-06-07T21:46:13.479] [DEBUG] cheese - null
[2018-06-07T21:46:43.128] [DEBUG] cheese - null
[2018-06-07T21:46:43.130] [DEBUG] cheese - null
[2018-06-07T21:47:29.847] [DEBUG] cheese - null
[2018-06-07T21:47:29.880] [DEBUG] cheese - null
[2018-06-07T21:47:43.855] [DEBUG] cheese - null
[2018-06-07T21:47:43.858] [DEBUG] cheese - null
[2018-06-07T21:47:45.998] [DEBUG] cheese - null
[2018-06-07T21:47:46.001] [DEBUG] cheese - null
[2018-06-07T21:48:14.049] [DEBUG] cheese - null
[2018-06-07T21:48:14.053] [DEBUG] cheese - null
[2018-06-07T21:48:36.705] [DEBUG] cheese - null
[2018-06-07T21:48:36.707] [DEBUG] cheese - null
[2018-06-07T21:48:40.268] [DEBUG] cheese - null
[2018-06-07T21:48:40.278] [DEBUG] cheese - null
[2018-06-07T21:48:42.748] [DEBUG] cheese - null
[2018-06-07T21:48:42.755] [DEBUG] cheese - null
[2018-06-07T21:48:54.050] [DEBUG] cheese - null
[2018-06-07T21:48:54.053] [DEBUG] cheese - null
[2018-06-07T21:48:54.856] [DEBUG] cheese - null
[2018-06-07T21:48:54.861] [DEBUG] cheese - null
[2018-06-07T21:48:59.421] [DEBUG] cheese - null
[2018-06-07T21:48:59.425] [DEBUG] cheese - null
[2018-06-07T21:49:05.941] [DEBUG] cheese - null
[2018-06-07T21:49:06.004] [DEBUG] cheese - null
[2018-06-07T21:49:15.284] [DEBUG] cheese - null
[2018-06-07T21:49:15.287] [DEBUG] cheese - null
[2018-06-07T21:49:15.406] [DEBUG] cheese - null
[2018-06-07T21:49:15.408] [DEBUG] cheese - null
[2018-06-07T21:49:22.918] [DEBUG] cheese - null
[2018-06-07T21:49:22.922] [DEBUG] cheese - null
[2018-06-07T21:49:34.457] [DEBUG] cheese - null
[2018-06-07T21:49:34.461] [DEBUG] cheese - null
[2018-06-07T21:49:46.483] [DEBUG] cheese - null
[2018-06-07T21:49:46.497] [DEBUG] cheese - null
[2018-06-07T21:49:48.850] [DEBUG] cheese - null
[2018-06-07T21:49:48.853] [DEBUG] cheese - null
[2018-06-07T21:49:54.122] [DEBUG] cheese - null
[2018-06-07T21:49:54.124] [DEBUG] cheese - null
[2018-06-07T21:49:54.222] [DEBUG] cheese - null
[2018-06-07T21:49:54.228] [DEBUG] cheese - null
[2018-06-07T21:49:57.203] [DEBUG] cheese - null
[2018-06-07T21:49:57.207] [DEBUG] cheese - null
[2018-06-07T21:50:08.287] [DEBUG] cheese - null
[2018-06-07T21:50:08.292] [DEBUG] cheese - null
[2018-06-07T21:50:08.373] [DEBUG] cheese - null
[2018-06-07T21:50:08.375] [DEBUG] cheese - null
[2018-06-07T21:50:13.257] [DEBUG] cheese - null
[2018-06-07T21:50:13.260] [DEBUG] cheese - null
[2018-06-07T21:50:16.312] [DEBUG] cheese - null
[2018-06-07T21:50:16.327] [DEBUG] cheese - null
[2018-06-07T21:50:39.677] [DEBUG] cheese - null
[2018-06-07T21:50:39.680] [DEBUG] cheese - null
[2018-06-07T21:50:42.112] [DEBUG] cheese - null
[2018-06-07T21:50:42.114] [DEBUG] cheese - null
[2018-06-07T21:50:50.811] [DEBUG] cheese - null
[2018-06-07T21:50:50.815] [DEBUG] cheese - null
[2018-06-07T21:50:57.950] [DEBUG] cheese - null
[2018-06-07T21:50:57.954] [DEBUG] cheese - null
[2018-06-07T21:51:04.172] [DEBUG] cheese - null
[2018-06-07T21:51:04.175] [DEBUG] cheese - null
[2018-06-07T21:51:11.873] [DEBUG] cheese - null
[2018-06-07T21:51:11.874] [DEBUG] cheese - null
[2018-06-07T21:51:12.025] [DEBUG] cheese - null
[2018-06-07T21:51:12.027] [DEBUG] cheese - null
[2018-06-07T21:51:17.205] [DEBUG] cheese - null
[2018-06-07T21:51:17.208] [DEBUG] cheese - null
[2018-06-07T21:51:20.172] [DEBUG] cheese - null
[2018-06-07T21:51:20.181] [DEBUG] cheese - null
[2018-06-07T21:55:35.701] [DEBUG] cheese - login => username:admin,password:123456
[2018-06-07T21:55:35.702] [DEBUG] cheese - admin
[2018-06-07T21:55:35.752] [DEBUG] cheese - null
[2018-06-07T21:55:35.752] [DEBUG] cheese - null
[2018-06-07T21:55:42.527] [DEBUG] cheese - null
[2018-06-07T21:55:42.530] [DEBUG] cheese - null
[2018-06-07T21:55:43.971] [DEBUG] cheese - null
[2018-06-07T21:55:44.038] [DEBUG] cheese - null
[2018-06-07T21:55:45.801] [DEBUG] cheese - null
[2018-06-07T21:55:45.803] [DEBUG] cheese - null
[2018-06-07T21:55:52.473] [DEBUG] cheese - null
[2018-06-07T21:55:52.489] [DEBUG] cheese - null
[2018-06-07T21:56:02.333] [DEBUG] cheese - null
[2018-06-07T21:56:02.335] [DEBUG] cheese - null
[2018-06-07T21:56:02.438] [DEBUG] cheese - null
[2018-06-07T21:56:02.441] [DEBUG] cheese - null
[2018-06-07T21:56:04.986] [DEBUG] cheese - null
[2018-06-07T21:56:04.988] [DEBUG] cheese - null
[2018-06-07T21:58:23.221] [DEBUG] cheese - null
[2018-06-07T21:58:23.224] [DEBUG] cheese - null
[2018-06-07T21:59:00.140] [DEBUG] cheese - null
[2018-06-07T21:59:00.149] [DEBUG] cheese - null
[2018-06-07T21:59:04.112] [DEBUG] cheese - null
[2018-06-07T21:59:04.114] [DEBUG] cheese - null
[2018-06-07T21:59:05.957] [DEBUG] cheese - null
[2018-06-07T21:59:06.178] [DEBUG] cheese - null
[2018-06-07T21:59:17.978] [DEBUG] cheese - null
[2018-06-07T21:59:17.981] [DEBUG] cheese - null
[2018-06-07T21:59:30.005] [DEBUG] cheese - null
[2018-06-07T21:59:30.006] [DEBUG] cheese - null
[2018-06-07T21:59:30.128] [DEBUG] cheese - null
[2018-06-07T21:59:30.173] [DEBUG] cheese - null
[2018-06-07T21:59:38.446] [DEBUG] cheese - null
[2018-06-07T21:59:38.453] [DEBUG] cheese - null
[2018-06-07T21:59:57.742] [DEBUG] cheese - null
[2018-06-07T21:59:57.744] [DEBUG] cheese - null
[2018-06-07T22:00:18.961] [DEBUG] cheese - null
[2018-06-07T22:00:18.962] [DEBUG] cheese - null
[2018-06-07T22:00:18.993] [DEBUG] cheese - null
[2018-06-07T22:00:19.001] [DEBUG] cheese - null
[2018-06-07T22:00:36.392] [DEBUG] cheese - null
[2018-06-07T22:00:36.396] [DEBUG] cheese - null
[2018-06-07T22:00:44.724] [DEBUG] cheese - null
[2018-06-07T22:00:44.729] [DEBUG] cheese - null
[2018-06-07T22:13:28.499] [DEBUG] cheese - null
[2018-06-07T22:13:28.514] [DEBUG] cheese - null
[2018-06-07T22:13:28.575] [DEBUG] cheese - null
[2018-06-07T22:13:28.608] [DEBUG] cheese - null
[2018-06-07T22:13:32.320] [DEBUG] cheese - null
[2018-06-07T22:13:32.324] [DEBUG] cheese - null
[2018-06-07T22:13:38.040] [DEBUG] cheese - null
[2018-06-07T22:13:38.131] [DEBUG] cheese - null
[2018-06-07T22:14:02.740] [DEBUG] cheese - null
[2018-06-07T22:14:02.748] [DEBUG] cheese - null
[2018-06-07T22:14:02.767] [DEBUG] cheese - null
[2018-06-07T22:14:02.769] [DEBUG] cheese - null
[2018-06-07T22:14:42.651] [DEBUG] cheese - null
[2018-06-07T22:14:42.654] [DEBUG] cheese - null
[2018-06-07T22:14:42.775] [DEBUG] cheese - null
[2018-06-07T22:14:42.834] [DEBUG] cheese - null
[2018-06-07T22:14:58.036] [DEBUG] cheese - null
[2018-06-07T22:14:58.226] [DEBUG] cheese - null
[2018-06-07T22:17:33.420] [DEBUG] cheese - null
[2018-06-07T22:17:33.422] [DEBUG] cheese - null
[2018-06-07T22:17:47.512] [DEBUG] cheese - null
[2018-06-07T22:17:47.515] [DEBUG] cheese - null
[2018-06-07T22:19:31.929] [DEBUG] cheese - null
[2018-06-07T22:19:31.948] [DEBUG] cheese - null
[2018-06-07T22:19:33.645] [DEBUG] cheese - null
[2018-06-07T22:19:33.650] [DEBUG] cheese - null
[2018-06-07T22:19:50.327] [DEBUG] cheese - null
[2018-06-07T22:19:50.331] [DEBUG] cheese - null
[2018-06-07T22:19:52.178] [DEBUG] cheese - null
[2018-06-07T22:19:52.180] [DEBUG] cheese - null
[2018-06-07T22:20:06.216] [DEBUG] cheese - null
[2018-06-07T22:20:06.219] [DEBUG] cheese - null
[2018-06-07T22:20:08.303] [DEBUG] cheese - null
[2018-06-07T22:20:08.307] [DEBUG] cheese - null
[2018-06-07T22:20:32.285] [DEBUG] cheese - null
[2018-06-07T22:20:32.296] [DEBUG] cheese - null
[2018-06-07T22:20:33.969] [DEBUG] cheese - null
[2018-06-07T22:20:33.973] [DEBUG] cheese - null
[2018-06-07T22:20:42.826] [DEBUG] cheese - null
[2018-06-07T22:20:42.859] [DEBUG] cheese - null
[2018-06-07T22:20:44.519] [DEBUG] cheese - null
[2018-06-07T22:20:44.521] [DEBUG] cheese - null
[2018-06-07T22:20:53.182] [DEBUG] cheese - null
[2018-06-07T22:20:53.238] [DEBUG] cheese - null
[2018-06-07T22:21:51.935] [DEBUG] cheese - null
[2018-06-07T22:21:51.940] [DEBUG] cheese - null
[2018-06-07T22:21:52.244] [DEBUG] cheese - null
[2018-06-07T22:21:52.273] [DEBUG] cheese - null
[2018-06-07T22:22:13.346] [DEBUG] cheese - null
[2018-06-07T22:22:13.351] [DEBUG] cheese - null
[2018-06-07T22:22:31.728] [DEBUG] cheese - null
[2018-06-07T22:22:31.731] [DEBUG] cheese - null
[2018-06-07T22:22:31.906] [DEBUG] cheese - null
[2018-06-07T22:22:31.909] [DEBUG] cheese - null
[2018-06-07T22:22:43.471] [DEBUG] cheese - null
[2018-06-07T22:22:43.472] [DEBUG] cheese - null
[2018-06-07T22:22:52.649] [DEBUG] cheese - null
[2018-06-07T22:22:52.661] [DEBUG] cheese - null
[2018-06-07T22:22:52.913] [DEBUG] cheese - null
[2018-06-07T22:22:52.917] [DEBUG] cheese - null
[2018-06-07T22:22:54.773] [DEBUG] cheese - null
[2018-06-07T22:22:54.775] [DEBUG] cheese - null
[2018-06-07T22:31:11.611] [DEBUG] cheese - null
[2018-06-07T22:31:11.614] [DEBUG] cheese - null
[2018-06-07T22:31:11.805] [DEBUG] cheese - null
[2018-06-07T22:31:11.808] [DEBUG] cheese - null
[2018-06-07T22:34:11.501] [DEBUG] cheese - null
[2018-06-07T22:34:11.504] [DEBUG] cheese - null
[2018-06-07T22:34:12.124] [DEBUG] cheese - null
[2018-06-07T22:34:12.127] [DEBUG] cheese - null
[2018-06-07T22:36:56.888] [DEBUG] cheese - null
[2018-06-07T22:36:56.893] [DEBUG] cheese - null
[2018-06-07T22:36:56.942] [DEBUG] cheese - null
[2018-06-07T22:36:56.944] [DEBUG] cheese - null
[2018-06-07T22:37:13.743] [DEBUG] cheese - null
[2018-06-07T22:37:13.790] [DEBUG] cheese - null
[2018-06-07T22:38:03.286] [DEBUG] cheese - null
[2018-06-07T22:38:03.288] [DEBUG] cheese - null
[2018-06-07T22:40:18.410] [DEBUG] cheese - null
[2018-06-07T22:40:18.412] [DEBUG] cheese - null
[2018-06-07T22:40:18.436] [DEBUG] cheese - null
[2018-06-07T22:40:18.438] [DEBUG] cheese - null
[2018-06-07T22:40:37.775] [DEBUG] cheese - null
[2018-06-07T22:40:37.778] [DEBUG] cheese - null
[2018-06-07T22:40:37.811] [DEBUG] cheese - null
[2018-06-07T22:40:37.816] [DEBUG] cheese - null
[2018-06-07T22:42:03.915] [DEBUG] cheese - null
[2018-06-07T22:42:03.917] [DEBUG] cheese - null
[2018-06-07T22:42:03.992] [DEBUG] cheese - null
[2018-06-07T22:42:03.995] [DEBUG] cheese - null
[2018-06-07T22:42:14.037] [DEBUG] cheese - null
[2018-06-07T22:42:14.039] [DEBUG] cheese - null
[2018-06-07T22:42:14.100] [DEBUG] cheese - null
[2018-06-07T22:42:14.102] [DEBUG] cheese - null
[2018-06-07T22:46:41.546] [DEBUG] cheese - null
[2018-06-07T22:46:41.549] [DEBUG] cheese - null
[2018-06-07T22:47:10.322] [DEBUG] cheese - null
[2018-06-07T22:47:10.327] [DEBUG] cheese - null
[2018-06-07T22:47:10.355] [DEBUG] cheese - null
[2018-06-07T22:47:10.356] [DEBUG] cheese - null
[2018-06-07T22:47:17.445] [DEBUG] cheese - null
[2018-06-07T22:47:17.448] [DEBUG] cheese - null
[2018-06-07T22:50:38.987] [DEBUG] cheese - null
[2018-06-07T22:50:38.989] [DEBUG] cheese - null
[2018-06-07T22:54:31.079] [DEBUG] cheese - null
[2018-06-07T22:54:31.132] [DEBUG] cheese - null
[2018-06-07T22:56:11.319] [DEBUG] cheese - null
[2018-06-07T22:56:11.335] [DEBUG] cheese - null
[2018-06-07T22:58:03.899] [DEBUG] cheese - null
[2018-06-07T22:58:03.902] [DEBUG] cheese - null
[2018-06-07T22:58:40.557] [DEBUG] cheese - null
[2018-06-07T22:58:40.580] [DEBUG] cheese - null
[2018-06-07T22:58:40.697] [DEBUG] cheese - null
[2018-06-07T22:58:40.703] [DEBUG] cheese - null
[2018-06-07T22:58:56.449] [DEBUG] cheese - null
[2018-06-07T22:58:56.454] [DEBUG] cheese - null
[2018-06-07T22:58:56.563] [DEBUG] cheese - null
[2018-06-07T22:58:56.642] [DEBUG] cheese - null
[2018-06-07T22:59:26.665] [DEBUG] cheese - null
[2018-06-07T22:59:26.671] [DEBUG] cheese - null
[2018-06-07T22:59:35.215] [DEBUG] cheese - null
[2018-06-07T22:59:35.218] [DEBUG] cheese - null
[2018-06-07T23:00:22.073] [DEBUG] cheese - null
[2018-06-07T23:00:22.077] [DEBUG] cheese - null
[2018-06-07T23:00:51.240] [DEBUG] cheese - null
[2018-06-07T23:00:51.249] [DEBUG] cheese - null
[2018-06-07T23:00:51.343] [DEBUG] cheese - null
[2018-06-07T23:00:51.350] [DEBUG] cheese - null
[2018-06-07T23:01:02.958] [DEBUG] cheese - null
[2018-06-07T23:01:02.974] [DEBUG] cheese - null
[2018-06-07T23:01:03.183] [DEBUG] cheese - null
[2018-06-07T23:01:03.219] [DEBUG] cheese - null
[2018-06-07T23:01:04.857] [DEBUG] cheese - null
[2018-06-07T23:01:04.864] [DEBUG] cheese - null
[2018-06-07T23:01:40.066] [DEBUG] cheese - null
[2018-06-07T23:01:40.078] [DEBUG] cheese - null
[2018-06-07T23:01:43.264] [DEBUG] cheese - null
[2018-06-07T23:01:43.266] [DEBUG] cheese - null
[2018-06-07T23:01:46.179] [DEBUG] cheese - null
[2018-06-07T23:01:52.522] [DEBUG] cheese - null
[2018-06-07T23:01:54.902] [DEBUG] cheese - null
[2018-06-07T23:01:54.914] [DEBUG] cheese - null
[2018-06-07T23:01:57.785] [DEBUG] cheese - null
[2018-06-07T23:01:57.788] [DEBUG] cheese - null
[2018-06-07T23:01:59.249] [DEBUG] cheese - null
[2018-06-07T23:01:59.253] [DEBUG] cheese - null
[2018-06-07T23:02:00.391] [DEBUG] cheese - null
[2018-06-07T23:02:00.394] [DEBUG] cheese - null
[2018-06-07T23:02:01.814] [DEBUG] cheese - null
[2018-06-07T23:02:01.816] [DEBUG] cheese - null
[2018-06-07T23:02:05.436] [DEBUG] cheese - null
[2018-06-07T23:02:05.440] [DEBUG] cheese - null
[2018-06-07T23:02:27.616] [DEBUG] cheese - null
[2018-06-07T23:02:27.619] [DEBUG] cheese - null
[2018-06-07T23:56:17.753] [DEBUG] cheese - login => username:admin,password:123456
[2018-06-07T23:56:17.755] [DEBUG] cheese - admin
[2018-06-07T23:56:17.862] [DEBUG] cheese - null
[2018-06-07T23:56:17.862] [DEBUG] cheese - null
[2018-06-07T23:56:21.449] [DEBUG] cheese - null
[2018-06-07T23:56:21.451] [DEBUG] cheese - null
[2018-06-07T23:56:24.560] [DEBUG] cheese - null
[2018-06-07T23:56:24.563] [DEBUG] cheese - null
[2018-06-07T23:56:26.047] [DEBUG] cheese - null
[2018-06-07T23:56:26.049] [DEBUG] cheese - null
[2018-06-07T23:56:30.310] [DEBUG] cheese - null
[2018-06-07T23:56:30.322] [DEBUG] cheese - null
[2018-06-07T23:56:31.962] [DEBUG] cheese - null
[2018-06-07T23:56:31.969] [DEBUG] cheese - null
[2018-06-07T23:56:33.200] [DEBUG] cheese - null
[2018-06-07T23:56:33.204] [DEBUG] cheese - null
[2018-06-07T23:56:49.231] [DEBUG] cheese - null
[2018-06-07T23:56:49.233] [DEBUG] cheese - null
[2018-06-08T00:07:33.891] [DEBUG] cheese - login => username:admin,password:123456
[2018-06-08T00:07:33.891] [DEBUG] cheese - admin
[2018-06-08T00:07:33.907] [DEBUG] cheese - null
[2018-06-08T00:07:33.907] [DEBUG] cheese - null
[2018-06-08T00:09:16.362] [DEBUG] cheese - null
[2018-06-08T00:09:16.365] [DEBUG] cheese - null
[2018-06-08T00:10:43.646] [DEBUG] cheese - null
[2018-06-08T00:10:43.651] [DEBUG] cheese - null
[2018-06-08T00:10:45.721] [DEBUG] cheese - null
[2018-06-08T00:10:45.724] [DEBUG] cheese - null
[2018-06-08T00:10:47.011] [DEBUG] cheese - null
[2018-06-08T00:10:47.013] [DEBUG] cheese - null
[2018-06-08T00:10:48.649] [DEBUG] cheese - null
[2018-06-08T00:10:48.654] [DEBUG] cheese - null
[2018-06-08T00:11:03.522] [DEBUG] cheese - null
[2018-06-08T00:11:03.524] [DEBUG] cheese - null
[2018-06-08T00:11:56.204] [DEBUG] cheese - null
[2018-06-08T00:11:56.206] [DEBUG] cheese - null
[2018-06-08T00:11:56.297] [DEBUG] cheese - null
[2018-06-08T00:11:56.299] [DEBUG] cheese - null
[2018-06-08T00:12:01.330] [DEBUG] cheese - null
[2018-06-08T00:12:01.332] [DEBUG] cheese - null
[2018-06-08T00:12:04.395] [DEBUG] cheese - null
[2018-06-08T00:12:04.399] [DEBUG] cheese - null
[2018-06-08T00:12:12.409] [DEBUG] cheese - null
[2018-06-08T00:12:12.411] [DEBUG] cheese - null
[2018-06-08T00:12:12.444] [DEBUG] cheese - null
[2018-06-08T00:12:12.446] [DEBUG] cheese - null
[2018-06-08T00:12:20.927] [DEBUG] cheese - null
[2018-06-08T00:12:20.929] [DEBUG] cheese - null
[2018-06-08T00:12:29.452] [DEBUG] cheese - null
[2018-06-08T00:12:29.455] [DEBUG] cheese - null
[2018-06-08T00:12:33.344] [DEBUG] cheese - null
[2018-06-08T00:12:33.346] [DEBUG] cheese - null
[2018-06-08T00:14:19.688] [DEBUG] cheese - null
[2018-06-08T00:14:19.691] [DEBUG] cheese - null
[2018-06-08T00:14:23.445] [DEBUG] cheese - null
[2018-06-08T00:14:23.447] [DEBUG] cheese - null
[2018-06-08T00:15:09.740] [DEBUG] cheese - null
[2018-06-08T00:15:09.742] [DEBUG] cheese - null
[2018-06-08T00:21:08.744] [DEBUG] cheese - null
[2018-06-08T00:21:08.748] [DEBUG] cheese - null
[2018-06-08T00:21:15.090] [DEBUG] cheese - null
[2018-06-08T00:21:15.094] [DEBUG] cheese - null
[2018-06-08T00:21:16.941] [DEBUG] cheese - null
[2018-06-08T00:21:16.944] [DEBUG] cheese - null
[2018-06-08T00:21:25.247] [DEBUG] cheese - null
[2018-06-08T00:21:25.250] [DEBUG] cheese - null
[2018-06-08T00:21:36.965] [DEBUG] cheese - null
[2018-06-08T00:21:36.968] [DEBUG] cheese - null
[2018-06-08T00:21:44.572] [DEBUG] cheese - null
[2018-06-08T00:21:44.573] [DEBUG] cheese - null
[2018-06-08T00:22:38.799] [DEBUG] cheese - null
[2018-06-08T00:22:38.804] [DEBUG] cheese - null
[2018-06-08T00:22:59.010] [DEBUG] cheese - null
[2018-06-08T00:22:59.013] [DEBUG] cheese - null
[2018-06-08T00:24:16.649] [DEBUG] cheese - null
[2018-06-08T00:24:16.651] [DEBUG] cheese - null
[2018-06-08T00:24:17.791] [DEBUG] cheese - null
[2018-06-08T00:24:17.793] [DEBUG] cheese - null
[2018-06-08T00:24:20.484] [DEBUG] cheese - null
[2018-06-08T00:24:20.487] [DEBUG] cheese - null
[2018-06-08T00:25:29.330] [DEBUG] cheese - null
[2018-06-08T00:25:29.333] [DEBUG] cheese - null
[2018-06-08T00:25:36.679] [DEBUG] cheese - null
[2018-06-08T00:25:36.682] [DEBUG] cheese - null
[2018-06-08T00:26:16.775] [DEBUG] cheese - null
[2018-06-08T00:26:16.778] [DEBUG] cheese - null
[2018-06-08T00:26:16.970] [DEBUG] cheese - null
[2018-06-08T00:26:16.988] [DEBUG] cheese - null
[2018-06-08T00:26:21.646] [DEBUG] cheese - null
[2018-06-08T00:26:21.650] [DEBUG] cheese - null
[2018-06-08T00:26:24.549] [DEBUG] cheese - null
[2018-06-08T00:26:24.552] [DEBUG] cheese - null
[2018-06-08T00:26:24.591] [DEBUG] cheese - null
[2018-06-08T00:26:24.592] [DEBUG] cheese - null
[2018-06-08T00:26:34.221] [DEBUG] cheese - null
[2018-06-08T00:26:34.223] [DEBUG] cheese - null
[2018-06-08T00:26:42.026] [DEBUG] cheese - login => username:aaa,password:123456
[2018-06-08T00:26:42.027] [DEBUG] cheese - aaa
[2018-06-08T00:26:42.034] [DEBUG] cheese - null
[2018-06-08T00:26:42.034] [DEBUG] cheese - null
[2018-06-08T00:26:51.852] [DEBUG] cheese - login => username:admin,password:123456
[2018-06-08T00:26:51.852] [DEBUG] cheese - admin
[2018-06-08T00:26:51.855] [DEBUG] cheese - null
[2018-06-08T00:26:51.855] [DEBUG] cheese - null
[2018-06-08T00:26:59.575] [DEBUG] cheese - null
[2018-06-08T00:26:59.579] [DEBUG] cheese - null
[2018-06-08T00:27:02.764] [DEBUG] cheese - null
[2018-06-08T00:27:02.768] [DEBUG] cheese - null
[2018-06-08T00:27:05.003] [DEBUG] cheese - null
[2018-06-08T00:27:05.006] [DEBUG] cheese - null
[2018-06-08T00:27:08.526] [DEBUG] cheese - null
[2018-06-08T00:27:08.526] [DEBUG] cheese - null
[2018-06-08T00:27:09.357] [DEBUG] cheese - null
[2018-06-08T00:27:09.373] [DEBUG] cheese - null
[2018-06-08T00:27:12.702] [DEBUG] cheese - null
[2018-06-08T00:27:12.706] [DEBUG] cheese - null
[2018-06-08T00:27:16.186] [DEBUG] cheese - null
[2018-06-08T00:27:16.186] [DEBUG] cheese - null
[2018-06-08T00:27:17.917] [DEBUG] cheese - null
[2018-06-08T00:27:17.917] [DEBUG] cheese - null
[2018-06-08T00:27:19.155] [DEBUG] cheese - null
[2018-06-08T00:27:19.155] [DEBUG] cheese - null
[2018-06-08T00:27:20.209] [DEBUG] cheese - null
[2018-06-08T00:27:20.209] [DEBUG] cheese - null
[2018-06-08T00:27:20.928] [DEBUG] cheese - null
[2018-06-08T00:27:20.928] [DEBUG] cheese - null
[2018-06-08T00:27:22.244] [DEBUG] cheese - null
[2018-06-08T00:27:22.246] [DEBUG] cheese - null
[2018-06-08T00:27:30.278] [DEBUG] cheese - null
[2018-06-08T00:27:30.281] [DEBUG] cheese - null
[2018-06-08T00:27:35.120] [DEBUG] cheese - null
[2018-06-08T00:27:35.125] [DEBUG] cheese - null
[2018-06-08T00:27:37.958] [DEBUG] cheese - null
[2018-06-08T00:27:37.960] [DEBUG] cheese - null
[2018-06-08T00:27:41.129] [DEBUG] cheese - null
[2018-06-08T00:27:41.132] [DEBUG] cheese - null
[2018-06-08T00:27:43.783] [DEBUG] cheese - null
[2018-06-08T00:27:43.786] [DEBUG] cheese - null
[2018-06-08T00:28:00.630] [DEBUG] cheese - null
[2018-06-08T00:28:00.632] [DEBUG] cheese - null
[2018-06-08T00:28:12.803] [DEBUG] cheese - null
[2018-06-08T00:28:12.804] [DEBUG] cheese - null
[2018-06-08T00:28:14.479] [DEBUG] cheese - null
[2018-06-08T00:28:14.481] [DEBUG] cheese - null
[2018-06-08T00:31:19.904] [DEBUG] cheese - null
[2018-06-08T00:31:19.906] [DEBUG] cheese - null
[2018-06-08T00:33:55.124] [DEBUG] cheese - null
[2018-06-08T00:33:55.127] [DEBUG] cheese - null
[2018-06-08T00:38:51.954] [DEBUG] cheese - null
[2018-06-08T00:38:51.957] [DEBUG] cheese - null
[2018-06-08T00:40:04.960] [DEBUG] cheese - null
[2018-06-08T00:40:04.962] [DEBUG] cheese - null
[2018-06-08T00:42:13.594] [DEBUG] cheese - null
[2018-06-08T00:42:13.596] [DEBUG] cheese - null
[2018-06-08T00:43:57.854] [DEBUG] cheese - null
[2018-06-08T00:43:57.856] [DEBUG] cheese - null
[2018-06-08T00:44:25.139] [DEBUG] cheese - login => username:admin,password:123456
[2018-06-08T00:44:25.139] [DEBUG] cheese - admin
[2018-06-08T00:44:25.142] [DEBUG] cheese - null
[2018-06-08T00:44:25.142] [DEBUG] cheese - null
[2018-06-08T00:44:27.722] [DEBUG] cheese - null
[2018-06-08T00:44:27.725] [DEBUG] cheese - null
[2018-06-08T07:01:39.711] [DEBUG] cheese - login => username:admin,password:123456
[2018-06-08T07:01:39.711] [DEBUG] cheese - admin
[2018-06-08T07:01:40.979] [DEBUG] cheese - null
[2018-06-08T07:01:40.981] [DEBUG] cheese - null
[2018-06-08T07:01:46.567] [DEBUG] cheese - null
[2018-06-08T07:01:46.571] [DEBUG] cheese - null
[2018-06-08T07:01:48.565] [DEBUG] cheese - null
[2018-06-08T07:01:48.569] [DEBUG] cheese - null
[2018-06-08T07:01:50.617] [DEBUG] cheese - null
[2018-06-08T07:01:50.619] [DEBUG] cheese - null
[2018-06-08T07:04:23.114] [DEBUG] cheese - null
[2018-06-08T07:04:23.116] [DEBUG] cheese - null
[2018-06-08T07:04:42.996] [DEBUG] cheese - null
[2018-06-08T07:04:42.999] [DEBUG] cheese - null
[2018-06-08T07:05:00.509] [DEBUG] cheese - null
[2018-06-08T07:05:00.512] [DEBUG] cheese - null
[2018-06-08T07:17:17.690] [DEBUG] cheese - null
[2018-06-08T07:17:17.693] [DEBUG] cheese - null
[2018-06-08T07:20:28.825] [DEBUG] cheese - null
[2018-06-08T07:20:28.827] [DEBUG] cheese - null
[2018-06-08T08:55:59.516] [DEBUG] cheese - login => username:admin,password:123456
[2018-06-08T08:55:59.532] [DEBUG] cheese - admin
[2018-06-08T08:56:00.741] [DEBUG] cheese - null
[2018-06-08T08:56:00.745] [DEBUG] cheese - null
[2018-06-08T08:56:23.961] [DEBUG] cheese - login => username:admin,password:123456
[2018-06-08T08:56:23.961] [DEBUG] cheese - admin
[2018-06-08T08:56:23.964] [DEBUG] cheese - null
[2018-06-08T08:56:23.964] [DEBUG] cheese - null
[2018-06-08T19:17:20.738] [DEBUG] cheese - login => username:admin,password:123456
[2018-06-08T19:17:20.831] [DEBUG] cheese - admin
[2018-06-08T19:17:21.684] [DEBUG] cheese - null
[2018-06-08T19:17:21.684] [DEBUG] cheese - null
[2018-06-08T19:17:34.141] [DEBUG] cheese - login => username:admin,password:123456
[2018-06-08T19:17:34.141] [DEBUG] cheese - admin
[2018-06-08T19:17:34.156] [DEBUG] cheese - null
[2018-06-08T19:17:34.156] [DEBUG] cheese - null
[2018-06-08T19:17:39.929] [DEBUG] cheese - null
[2018-06-08T19:17:39.974] [DEBUG] cheese - null
[2018-06-08T19:17:41.458] [DEBUG] cheese - null
[2018-06-08T19:17:41.460] [DEBUG] cheese - null
[2018-06-08T19:17:54.205] [DEBUG] cheese - null
[2018-06-08T19:17:54.207] [DEBUG] cheese - null
[2018-06-08T19:20:35.204] [DEBUG] cheese - null
[2018-06-08T19:20:35.208] [DEBUG] cheese - null
[2018-06-08T19:20:36.411] [DEBUG] cheese - null
[2018-06-08T19:20:36.413] [DEBUG] cheese - null
[2018-06-08T19:24:08.080] [DEBUG] cheese - null
[2018-06-08T19:24:08.088] [DEBUG] cheese - null
[2018-06-08T19:24:20.137] [DEBUG] cheese - null
[2018-06-08T19:24:20.142] [DEBUG] cheese - null
[2018-06-08T19:24:23.242] [DEBUG] cheese - null
[2018-06-08T19:24:23.246] [DEBUG] cheese - null
[2018-06-08T19:45:33.231] [DEBUG] cheese - login => username:admin,password:123456
[2018-06-08T19:45:33.231] [DEBUG] cheese - admin
[2018-06-08T19:45:33.231] [DEBUG] cheese - null
[2018-06-08T19:45:33.231] [DEBUG] cheese - null
[2018-06-08T19:45:38.464] [DEBUG] cheese - null
[2018-06-08T19:45:38.549] [DEBUG] cheese - null
[2018-06-08T19:45:39.784] [DEBUG] cheese - null
[2018-06-08T19:45:39.809] [DEBUG] cheese - null
[2018-06-08T19:46:06.605] [DEBUG] cheese - null
[2018-06-08T19:46:06.609] [DEBUG] cheese - null
[2018-06-08T19:46:47.268] [DEBUG] cheese - null
[2018-06-08T19:46:47.270] [DEBUG] cheese - null
[2018-06-08T19:53:20.045] [DEBUG] cheese - null
[2018-06-08T19:53:20.047] [DEBUG] cheese - null
[2018-06-08T19:53:24.257] [DEBUG] cheese - null
[2018-06-08T19:53:24.260] [DEBUG] cheese - null
[2018-06-08T19:53:26.179] [DEBUG] cheese - null
[2018-06-08T19:53:26.180] [DEBUG] cheese - null
[2018-06-08T19:53:27.245] [DEBUG] cheese - null
[2018-06-08T19:53:27.247] [DEBUG] cheese - null
[2018-06-08T19:54:49.198] [DEBUG] cheese - null
[2018-06-08T19:54:49.208] [DEBUG] cheese - null
[2018-06-08T19:54:59.341] [DEBUG] cheese - null
[2018-06-08T19:54:59.383] [DEBUG] cheese - null
[2018-06-08T19:55:00.771] [DEBUG] cheese - null
[2018-06-08T19:55:00.773] [DEBUG] cheese - null
[2018-06-08T19:58:45.765] [DEBUG] cheese - null
[2018-06-08T19:58:45.765] [DEBUG] cheese - null
[2018-06-08T19:58:59.612] [DEBUG] cheese - null
[2018-06-08T19:58:59.614] [DEBUG] cheese - null
[2018-06-08T20:03:37.356] [DEBUG] cheese - null
[2018-06-08T20:03:37.358] [DEBUG] cheese - null
[2018-06-08T20:03:38.768] [DEBUG] cheese - null
[2018-06-08T20:03:38.771] [DEBUG] cheese - null
[2018-06-08T20:03:40.063] [DEBUG] cheese - null
[2018-06-08T20:03:40.066] [DEBUG] cheese - null
[2018-06-08T20:03:41.217] [DEBUG] cheese - null
[2018-06-08T20:03:41.219] [DEBUG] cheese - null
[2018-06-08T20:04:36.828] [DEBUG] cheese - null
[2018-06-08T20:04:36.832] [DEBUG] cheese - null
[2018-06-08T20:07:05.577] [DEBUG] cheese - null
[2018-06-08T20:07:05.584] [DEBUG] cheese - null
[2018-06-08T20:09:54.007] [DEBUG] cheese - null
[2018-06-08T20:09:54.009] [DEBUG] cheese - null
[2018-06-08T20:10:05.521] [DEBUG] cheese - null
[2018-06-08T20:10:05.524] [DEBUG] cheese - null
[2018-06-08T20:11:19.189] [DEBUG] cheese - null
[2018-06-08T20:11:19.207] [DEBUG] cheese - null
[2018-06-08T20:11:54.342] [DEBUG] cheese - null
[2018-06-08T20:11:54.345] [DEBUG] cheese - null
[2018-06-08T20:12:15.819] [DEBUG] cheese - null
[2018-06-08T20:12:15.824] [DEBUG] cheese - null
[2018-06-08T20:12:26.401] [DEBUG] cheese - null
[2018-06-08T20:12:26.407] [DEBUG] cheese - null
[2018-06-08T20:13:15.463] [DEBUG] cheese - null
[2018-06-08T20:13:15.468] [DEBUG] cheese - null
[2018-06-08T20:13:20.946] [DEBUG] cheese - null
[2018-06-08T20:13:20.949] [DEBUG] cheese - null
[2018-06-08T20:16:46.716] [DEBUG] cheese - null
[2018-06-08T20:16:46.719] [DEBUG] cheese - null
[2018-06-08T20:17:41.593] [DEBUG] cheese - null
[2018-06-08T20:17:41.593] [DEBUG] cheese - null
[2018-06-08T20:18:06.352] [DEBUG] cheese - null
[2018-06-08T20:18:06.352] [DEBUG] cheese - null
[2018-06-08T20:19:10.873] [DEBUG] cheese - null
[2018-06-08T20:19:10.876] [DEBUG] cheese - null
[2018-06-08T20:19:27.067] [DEBUG] cheese - null
[2018-06-08T20:19:27.070] [DEBUG] cheese - null
[2018-06-08T20:21:36.369] [DEBUG] cheese - null
[2018-06-08T20:21:36.373] [DEBUG] cheese - null
[2018-06-08T20:22:04.897] [DEBUG] cheese - null
[2018-06-08T20:22:04.901] [DEBUG] cheese - null
[2018-06-08T20:22:19.160] [DEBUG] cheese - null
[2018-06-08T20:22:19.164] [DEBUG] cheese - null
[2018-06-08T20:22:41.431] [DEBUG] cheese - null
[2018-06-08T20:22:41.435] [DEBUG] cheese - null
[2018-06-08T20:22:43.932] [DEBUG] cheese - null
[2018-06-08T20:22:43.934] [DEBUG] cheese - null
[2018-06-08T20:23:02.358] [DEBUG] cheese - null
[2018-06-08T20:23:02.363] [DEBUG] cheese - null
[2018-06-08T20:23:04.232] [DEBUG] cheese - null
[2018-06-08T20:23:04.236] [DEBUG] cheese - null
[2018-06-08T20:23:12.998] [DEBUG] cheese - null
[2018-06-08T20:23:13.000] [DEBUG] cheese - null
[2018-06-08T20:31:09.328] [DEBUG] cheese - null
[2018-06-08T20:31:09.377] [DEBUG] cheese - null
[2018-06-08T20:31:20.924] [DEBUG] cheese - null
[2018-06-08T20:31:20.930] [DEBUG] cheese - null
[2018-06-08T20:32:29.828] [DEBUG] cheese - null
[2018-06-08T20:32:29.828] [DEBUG] cheese - null
[2018-06-08T20:32:42.789] [DEBUG] cheese - null
[2018-06-08T20:32:42.792] [DEBUG] cheese - null
[2018-06-08T20:34:58.493] [DEBUG] cheese - null
[2018-06-08T20:34:58.493] [DEBUG] cheese - null
[2018-06-08T20:35:35.113] [DEBUG] cheese - null
[2018-06-08T20:35:35.115] [DEBUG] cheese - null
[2018-06-08T20:35:58.178] [DEBUG] cheese - null
[2018-06-08T20:35:58.178] [DEBUG] cheese - null
[2018-06-08T20:36:45.517] [DEBUG] cheese - null
[2018-06-08T20:36:45.520] [DEBUG] cheese - null
[2018-06-08T20:36:57.895] [DEBUG] cheese - null
[2018-06-08T20:36:57.900] [DEBUG] cheese - null
[2018-06-08T20:36:59.816] [DEBUG] cheese - null
[2018-06-08T20:36:59.820] [DEBUG] cheese - null
[2018-06-08T20:37:30.365] [DEBUG] cheese - null
[2018-06-08T20:37:30.367] [DEBUG] cheese - null
[2018-06-08T20:38:29.758] [DEBUG] cheese - null
[2018-06-08T20:38:29.797] [DEBUG] cheese - null
[2018-06-08T20:38:33.437] [DEBUG] cheese - null
[2018-06-08T20:38:33.442] [DEBUG] cheese - null
[2018-06-08T20:38:56.282] [DEBUG] cheese - null
[2018-06-08T20:38:56.285] [DEBUG] cheese - null
[2018-06-08T20:39:03.958] [DEBUG] cheese - null
[2018-06-08T20:39:03.962] [DEBUG] cheese - null
[2018-06-08T20:40:22.192] [DEBUG] cheese - null
[2018-06-08T20:40:22.192] [DEBUG] cheese - null
[2018-06-08T20:40:33.940] [DEBUG] cheese - null
[2018-06-08T20:40:33.942] [DEBUG] cheese - null
[2018-06-08T20:41:19.341] [DEBUG] cheese - null
[2018-06-08T20:41:19.343] [DEBUG] cheese - null
[2018-06-08T20:41:23.669] [DEBUG] cheese - null
[2018-06-08T20:41:23.672] [DEBUG] cheese - null
[2018-06-08T20:41:51.847] [DEBUG] cheese - null
[2018-06-08T20:41:51.853] [DEBUG] cheese - null
[2018-06-08T20:53:36.648] [DEBUG] cheese - null
[2018-06-08T20:53:36.648] [DEBUG] cheese - null
[2018-06-08T20:54:42.890] [DEBUG] cheese - null
[2018-06-08T20:54:42.892] [DEBUG] cheese - null
[2018-06-08T20:56:14.569] [DEBUG] cheese - null
[2018-06-08T20:56:14.571] [DEBUG] cheese - null
[2018-06-08T20:56:55.155] [DEBUG] cheese - null
[2018-06-08T20:56:55.170] [DEBUG] cheese - null
[2018-06-08T20:58:36.612] [DEBUG] cheese - null
[2018-06-08T20:58:36.612] [DEBUG] cheese - null
[2018-06-08T21:00:32.182] [DEBUG] cheese - null
[2018-06-08T21:00:32.185] [DEBUG] cheese - null
[2018-06-08T21:00:39.888] [DEBUG] cheese - null
[2018-06-08T21:00:39.890] [DEBUG] cheese - null
[2018-06-08T21:00:51.529] [DEBUG] cheese - null
[2018-06-08T21:00:51.532] [DEBUG] cheese - null
[2018-06-08T21:07:02.060] [DEBUG] cheese - null
[2018-06-08T21:07:02.060] [DEBUG] cheese - null
[2018-06-08T21:07:16.132] [DEBUG] cheese - null
[2018-06-08T21:07:16.132] [DEBUG] cheese - null
[2018-06-08T21:07:21.790] [DEBUG] cheese - null
[2018-06-08T21:07:21.790] [DEBUG] cheese - null
[2018-06-08T21:35:45.354] [DEBUG] cheese - null
[2018-06-08T21:35:45.357] [DEBUG] cheese - null
[2018-06-08T21:37:58.397] [DEBUG] cheese - null
[2018-06-08T21:37:58.397] [DEBUG] cheese - null
[2018-06-08T21:38:51.175] [DEBUG] cheese - null
[2018-06-08T21:38:51.175] [DEBUG] cheese - null
[2018-06-08T21:40:08.473] [DEBUG] cheese - null
[2018-06-08T21:40:08.473] [DEBUG] cheese - null
[2018-06-08T21:41:48.028] [DEBUG] cheese - null
[2018-06-08T21:41:48.028] [DEBUG] cheese - null
[2018-06-08T21:43:04.706] [DEBUG] cheese - null
[2018-06-08T21:43:04.706] [DEBUG] cheese - null
[2018-06-08T21:43:56.035] [DEBUG] cheese - null
[2018-06-08T21:43:56.038] [DEBUG] cheese - null
[2018-06-08T21:44:11.232] [DEBUG] cheese - null
[2018-06-08T21:44:11.248] [DEBUG] cheese - null
[2018-06-08T21:44:42.393] [DEBUG] cheese - null
[2018-06-08T21:44:42.409] [DEBUG] cheese - null
[2018-06-08T21:46:21.038] [DEBUG] cheese - null
[2018-06-08T21:46:21.038] [DEBUG] cheese - null
[2018-06-08T21:47:57.558] [DEBUG] cheese - null
[2018-06-08T21:47:57.574] [DEBUG] cheese - null
[2018-06-08T21:49:18.508] [DEBUG] cheese - null
[2018-06-08T21:49:18.514] [DEBUG] cheese - null
[2018-06-08T21:49:21.987] [DEBUG] cheese - null
[2018-06-08T21:49:21.990] [DEBUG] cheese - null
[2018-06-08T21:59:32.783] [DEBUG] cheese - null
[2018-06-08T21:59:32.789] [DEBUG] cheese - null
[2018-06-08T21:59:40.515] [DEBUG] cheese - null
[2018-06-08T21:59:40.521] [DEBUG] cheese - null
[2018-06-08T21:59:41.538] [DEBUG] cheese - null
[2018-06-08T21:59:41.543] [DEBUG] cheese - null
[2018-06-08T22:00:40.858] [DEBUG] cheese - null
[2018-06-08T22:00:40.874] [DEBUG] cheese - null
[2018-06-08T22:02:03.018] [DEBUG] cheese - null
[2018-06-08T22:02:03.022] [DEBUG] cheese - null
[2018-06-08T22:02:14.250] [DEBUG] cheese - null
[2018-06-08T22:02:14.253] [DEBUG] cheese - null
[2018-06-08T22:02:27.379] [DEBUG] cheese - null
[2018-06-08T22:02:27.383] [DEBUG] cheese - null
[2018-06-08T22:02:30.978] [DEBUG] cheese - null
[2018-06-08T22:02:30.981] [DEBUG] cheese - null
[2018-06-08T22:03:20.343] [DEBUG] cheese - null
[2018-06-08T22:03:20.348] [DEBUG] cheese - null
[2018-06-08T22:03:26.608] [DEBUG] cheese - null
[2018-06-08T22:03:26.611] [DEBUG] cheese - null
[2018-06-08T22:03:27.163] [DEBUG] cheese - null
[2018-06-08T22:03:27.169] [DEBUG] cheese - null
[2018-06-08T22:03:31.485] [DEBUG] cheese - null
[2018-06-08T22:03:31.487] [DEBUG] cheese - null
[2018-06-08T22:04:02.769] [DEBUG] cheese - null
[2018-06-08T22:04:02.773] [DEBUG] cheese - null
[2018-06-09T08:38:22.501] [DEBUG] cheese - login => username:admin,password:123456
[2018-06-09T08:38:22.501] [DEBUG] cheese - admin
[2018-06-09T08:38:22.579] [DEBUG] cheese - null
[2018-06-09T08:38:22.579] [DEBUG] cheese - null
[2018-06-09T08:38:34.158] [DEBUG] cheese - null
[2018-06-09T08:38:34.161] [DEBUG] cheese - null
[2018-06-09T08:38:43.903] [DEBUG] cheese - null
[2018-06-09T08:38:43.907] [DEBUG] cheese - null
[2018-06-09T08:38:56.048] [DEBUG] cheese - null
[2018-06-09T08:38:56.051] [DEBUG] cheese - null
[2018-06-09T08:38:56.152] [DEBUG] cheese - null
[2018-06-09T08:38:56.155] [DEBUG] cheese - null
[2018-06-09T08:40:48.496] [DEBUG] cheese - null
[2018-06-09T08:40:48.500] [DEBUG] cheese - null
[2018-06-09T08:41:48.988] [DEBUG] cheese - null
[2018-06-09T08:41:48.991] [DEBUG] cheese - null
[2018-06-09T08:43:39.574] [DEBUG] cheese - null
[2018-06-09T08:43:39.577] [DEBUG] cheese - null
[2018-06-09T08:44:36.966] [DEBUG] cheese - null
[2018-06-09T08:44:36.968] [DEBUG] cheese - null
[2018-06-09T08:45:05.138] [DEBUG] cheese - null
[2018-06-09T08:45:05.142] [DEBUG] cheese - null
[2018-06-09T08:45:50.081] [DEBUG] cheese - null
[2018-06-09T08:45:50.086] [DEBUG] cheese - null
[2018-06-09T08:48:51.456] [DEBUG] cheese - null
[2018-06-09T08:48:51.461] [DEBUG] cheese - null
[2018-06-09T08:52:14.615] [DEBUG] cheese - null
[2018-06-09T08:52:14.619] [DEBUG] cheese - null
[2018-06-09T08:52:20.867] [DEBUG] cheese - null
[2018-06-09T08:52:20.869] [DEBUG] cheese - null
[2018-06-09T08:52:55.228] [DEBUG] cheese - null
[2018-06-09T08:52:55.231] [DEBUG] cheese - null
[2018-06-09T08:53:48.716] [DEBUG] cheese - null
[2018-06-09T08:53:48.719] [DEBUG] cheese - null
[2018-06-09T08:54:16.739] [DEBUG] cheese - null
[2018-06-09T08:54:16.743] [DEBUG] cheese - null
[2018-06-09T08:54:42.894] [DEBUG] cheese - null
[2018-06-09T08:54:42.899] [DEBUG] cheese - null
[2018-06-09T08:55:09.716] [DEBUG] cheese - null
[2018-06-09T08:55:09.724] [DEBUG] cheese - null
[2018-06-09T08:55:44.336] [DEBUG] cheese - null
[2018-06-09T08:55:44.341] [DEBUG] cheese - null
[2018-06-09T08:55:53.843] [DEBUG] cheese - null
[2018-06-09T08:55:53.846] [DEBUG] cheese - null
[2018-06-09T08:56:16.433] [DEBUG] cheese - null
[2018-06-09T08:56:16.436] [DEBUG] cheese - null
[2018-06-09T08:58:51.554] [DEBUG] cheese - null
[2018-06-09T08:58:51.557] [DEBUG] cheese - null
[2018-06-09T08:59:16.509] [DEBUG] cheese - null
[2018-06-09T08:59:16.512] [DEBUG] cheese - null
[2018-06-09T08:59:26.543] [DEBUG] cheese - null
[2018-06-09T08:59:26.546] [DEBUG] cheese - null
[2018-06-09T08:59:33.325] [DEBUG] cheese - null
[2018-06-09T08:59:33.328] [DEBUG] cheese - null
[2018-06-09T08:59:33.418] [DEBUG] cheese - null
[2018-06-09T08:59:33.421] [DEBUG] cheese - null
[2018-06-09T09:00:11.317] [DEBUG] cheese - null
[2018-06-09T09:00:11.320] [DEBUG] cheese - null
[2018-06-09T09:02:41.784] [DEBUG] cheese - null
[2018-06-09T09:02:41.800] [DEBUG] cheese - null
[2018-06-09T09:03:45.840] [DEBUG] cheese - null
[2018-06-09T09:03:45.840] [DEBUG] cheese - null
[2018-06-09T09:03:51.362] [DEBUG] cheese - null
[2018-06-09T09:03:51.367] [DEBUG] cheese - null
[2018-06-09T09:04:40.379] [DEBUG] cheese - null
[2018-06-09T09:04:40.383] [DEBUG] cheese - null
[2018-06-09T09:05:48.903] [DEBUG] cheese - null
[2018-06-09T09:05:48.907] [DEBUG] cheese - null
[2018-06-09T09:06:09.147] [DEBUG] cheese - null
[2018-06-09T09:06:09.153] [DEBUG] cheese - null
[2018-06-09T09:12:57.185] [DEBUG] cheese - null
[2018-06-09T09:12:57.189] [DEBUG] cheese - null
[2018-06-09T09:13:03.371] [DEBUG] cheese - null
[2018-06-09T09:13:03.377] [DEBUG] cheese - null
[2018-06-09T09:13:14.451] [DEBUG] cheese - null
[2018-06-09T09:13:14.456] [DEBUG] cheese - null
[2018-06-09T09:13:19.959] [DEBUG] cheese - null
[2018-06-09T09:13:19.962] [DEBUG] cheese - null
[2018-06-09T09:13:20.067] [DEBUG] cheese - null
[2018-06-09T09:13:20.068] [DEBUG] cheese - null
[2018-06-09T09:13:35.982] [DEBUG] cheese - null
[2018-06-09T09:13:35.986] [DEBUG] cheese - null
[2018-06-09T09:13:41.868] [DEBUG] cheese - null
[2018-06-09T09:13:41.871] [DEBUG] cheese - null
[2018-06-09T09:14:50.006] [DEBUG] cheese - null
[2018-06-09T09:14:50.006] [DEBUG] cheese - null
[2018-06-09T09:15:11.749] [DEBUG] cheese - null
[2018-06-09T09:15:11.752] [DEBUG] cheese - null
[2018-06-09T09:15:34.297] [DEBUG] cheese - null
[2018-06-09T09:15:34.302] [DEBUG] cheese - null
[2018-06-09T09:15:40.259] [DEBUG] cheese - null
[2018-06-09T09:15:40.263] [DEBUG] cheese - null
[2018-06-09T09:15:40.348] [DEBUG] cheese - null
[2018-06-09T09:15:40.354] [DEBUG] cheese - null
[2018-06-09T09:15:53.018] [DEBUG] cheese - null
[2018-06-09T09:15:53.022] [DEBUG] cheese - null
[2018-06-09T09:15:53.127] [DEBUG] cheese - null
[2018-06-09T09:15:53.129] [DEBUG] cheese - null
[2018-06-09T09:22:21.059] [DEBUG] cheese - null
[2018-06-09T09:22:21.061] [DEBUG] cheese - null
[2018-06-09T09:23:29.241] [DEBUG] cheese - null
[2018-06-09T09:23:29.247] [DEBUG] cheese - null
[2018-06-09T09:23:39.502] [DEBUG] cheese - null
[2018-06-09T09:23:39.504] [DEBUG] cheese - null
[2018-06-09T09:24:39.300] [DEBUG] cheese - null
[2018-06-09T09:24:39.304] [DEBUG] cheese - null
[2018-06-09T09:26:52.887] [DEBUG] cheese - null
[2018-06-09T09:26:52.893] [DEBUG] cheese - null
[2018-06-09T09:28:00.190] [DEBUG] cheese - null
[2018-06-09T09:28:00.195] [DEBUG] cheese - null
[2018-06-09T09:30:41.138] [DEBUG] cheese - null
[2018-06-09T09:30:41.145] [DEBUG] cheese - null
[2018-06-09T09:32:39.062] [DEBUG] cheese - null
[2018-06-09T09:32:39.064] [DEBUG] cheese - null
[2018-06-09T09:32:46.396] [DEBUG] cheese - null
[2018-06-09T09:32:46.401] [DEBUG] cheese - null
[2018-06-09T09:33:10.054] [DEBUG] cheese - null
[2018-06-09T09:33:10.059] [DEBUG] cheese - null
[2018-06-09T09:43:31.236] [DEBUG] cheese - null
[2018-06-09T09:43:31.236] [DEBUG] cheese - null
[2018-06-09T09:43:42.127] [DEBUG] cheese - null
[2018-06-09T09:43:42.127] [DEBUG] cheese - null
[2018-06-09T09:44:44.359] [DEBUG] cheese - null
[2018-06-09T09:44:44.361] [DEBUG] cheese - null
[2018-06-09T09:44:55.618] [DEBUG] cheese - null
[2018-06-09T09:44:55.618] [DEBUG] cheese - null
[2018-06-09T09:45:54.970] [DEBUG] cheese - null
[2018-06-09T09:45:54.975] [DEBUG] cheese - null
[2018-06-09T09:45:57.717] [DEBUG] cheese - null
[2018-06-09T09:45:57.720] [DEBUG] cheese - null
[2018-06-09T09:53:53.070] [DEBUG] cheese - null
[2018-06-09T09:53:53.076] [DEBUG] cheese - null
[2018-06-09T09:53:56.238] [DEBUG] cheese - null
[2018-06-09T09:53:56.242] [DEBUG] cheese - null
[2018-06-09T09:54:23.648] [DEBUG] cheese - null
[2018-06-09T09:54:23.651] [DEBUG] cheese - null
[2018-06-09T09:54:33.466] [DEBUG] cheese - null
[2018-06-09T09:54:33.468] [DEBUG] cheese - null
[2018-06-09T09:54:33.579] [DEBUG] cheese - null
[2018-06-09T09:54:33.582] [DEBUG] cheese - null
[2018-06-09T09:55:20.639] [DEBUG] cheese - null
[2018-06-09T09:55:20.643] [DEBUG] cheese - null
[2018-06-09T09:55:22.531] [DEBUG] cheese - null
[2018-06-09T09:55:22.534] [DEBUG] cheese - null
[2018-06-09T09:55:27.928] [DEBUG] cheese - null
[2018-06-09T09:55:27.931] [DEBUG] cheese - null
[2018-06-09T09:56:01.289] [DEBUG] cheese - null
[2018-06-09T09:56:01.293] [DEBUG] cheese - null
[2018-06-09T09:56:08.407] [DEBUG] cheese - null
[2018-06-09T09:56:08.413] [DEBUG] cheese - null
[2018-06-09T09:56:15.723] [DEBUG] cheese - null
[2018-06-09T09:56:15.727] [DEBUG] cheese - null
[2018-06-09T09:56:17.740] [DEBUG] cheese - null
[2018-06-09T09:56:17.741] [DEBUG] cheese - null
[2018-06-09T09:56:28.329] [DEBUG] cheese - null
[2018-06-09T09:56:28.336] [DEBUG] cheese - null
[2018-06-09T09:56:31.220] [DEBUG] cheese - null
[2018-06-09T09:56:31.223] [DEBUG] cheese - null
[2018-06-09T09:57:07.189] [DEBUG] cheese - null
[2018-06-09T09:57:07.193] [DEBUG] cheese - null
[2018-06-09T09:57:08.995] [DEBUG] cheese - null
[2018-06-09T09:57:08.999] [DEBUG] cheese - null
[2018-06-09T09:57:24.875] [DEBUG] cheese - null
[2018-06-09T09:57:24.878] [DEBUG] cheese - null
[2018-06-09T09:57:26.352] [DEBUG] cheese - null
[2018-06-09T09:57:26.354] [DEBUG] cheese - null
[2018-06-09T09:57:30.514] [DEBUG] cheese - null
[2018-06-09T09:57:30.516] [DEBUG] cheese - null
[2018-06-09T09:59:58.655] [DEBUG] cheese - null
[2018-06-09T09:59:58.658] [DEBUG] cheese - null
[2018-06-09T10:00:02.859] [DEBUG] cheese - null
[2018-06-09T10:00:02.871] [DEBUG] cheese - null
[2018-06-09T10:00:04.285] [DEBUG] cheese - null
[2018-06-09T10:00:04.287] [DEBUG] cheese - null
[2018-06-09T10:00:07.043] [DEBUG] cheese - null
[2018-06-09T10:00:07.045] [DEBUG] cheese - null
[2018-06-09T10:00:09.236] [DEBUG] cheese - null
[2018-06-09T10:00:09.238] [DEBUG] cheese - null
[2018-06-09T10:02:20.602] [DEBUG] cheese - null
[2018-06-09T10:02:20.604] [DEBUG] cheese - null
[2018-06-09T10:04:38.338] [DEBUG] cheese - null
[2018-06-09T10:04:38.340] [DEBUG] cheese - null
[2018-06-09T10:05:07.707] [DEBUG] cheese - null
[2018-06-09T10:05:07.709] [DEBUG] cheese - null
[2018-06-09T10:05:17.883] [DEBUG] cheese - null
[2018-06-09T10:05:17.887] [DEBUG] cheese - null
[2018-06-09T10:05:48.195] [DEBUG] cheese - null
[2018-06-09T10:05:48.199] [DEBUG] cheese - null
[2018-06-09T10:07:51.405] [DEBUG] cheese - null
[2018-06-09T10:07:51.409] [DEBUG] cheese - null
[2018-06-09T10:07:59.349] [DEBUG] cheese - null
[2018-06-09T10:07:59.351] [DEBUG] cheese - null
[2018-06-09T10:19:52.267] [DEBUG] cheese - null
[2018-06-09T10:19:52.272] [DEBUG] cheese - null
[2018-06-09T10:19:56.845] [DEBUG] cheese - null
[2018-06-09T10:19:56.850] [DEBUG] cheese - null
[2018-06-09T10:20:05.158] [DEBUG] cheese - null
[2018-06-09T10:20:05.161] [DEBUG] cheese - null
[2018-06-09T10:21:14.749] [DEBUG] cheese - null
[2018-06-09T10:21:14.751] [DEBUG] cheese - null
[2018-06-09T10:21:59.387] [DEBUG] cheese - null
[2018-06-09T10:21:59.387] [DEBUG] cheese - null
[2018-06-09T10:23:18.988] [DEBUG] cheese - null
[2018-06-09T10:23:18.990] [DEBUG] cheese - null
[2018-06-09T10:23:52.022] [DEBUG] cheese - null
[2018-06-09T10:23:52.070] [DEBUG] cheese - null
[2018-06-09T10:27:31.585] [DEBUG] cheese - null
[2018-06-09T10:27:31.585] [DEBUG] cheese - null
[2018-06-09T10:28:02.676] [DEBUG] cheese - null
[2018-06-09T10:28:02.681] [DEBUG] cheese - null
[2018-06-09T10:28:09.218] [DEBUG] cheese - null
[2018-06-09T10:28:09.224] [DEBUG] cheese - null
[2018-06-09T10:28:37.011] [DEBUG] cheese - null
[2018-06-09T10:28:37.013] [DEBUG] cheese - null
[2018-06-09T10:28:37.082] [DEBUG] cheese - null
[2018-06-09T10:28:37.084] [DEBUG] cheese - null
[2018-06-09T10:28:58.667] [DEBUG] cheese - null
[2018-06-09T10:28:58.671] [DEBUG] cheese - null
[2018-06-09T10:29:07.180] [DEBUG] cheese - null
[2018-06-09T10:29:07.183] [DEBUG] cheese - null
[2018-06-09T10:29:07.293] [DEBUG] cheese - null
[2018-06-09T10:29:07.295] [DEBUG] cheese - null
[2018-06-09T10:30:02.794] [DEBUG] cheese - null
[2018-06-09T10:30:02.809] [DEBUG] cheese - null
[2018-06-09T10:30:10.661] [DEBUG] cheese - null
[2018-06-09T10:30:10.670] [DEBUG] cheese - null
[2018-06-09T10:30:18.469] [DEBUG] cheese - null
[2018-06-09T10:30:18.470] [DEBUG] cheese - null
[2018-06-09T10:30:18.558] [DEBUG] cheese - null
[2018-06-09T10:30:18.562] [DEBUG] cheese - null
[2018-06-09T10:31:56.472] [DEBUG] cheese - null
[2018-06-09T10:31:56.474] [DEBUG] cheese - null
[2018-06-09T10:32:04.395] [DEBUG] cheese - null
[2018-06-09T10:32:04.397] [DEBUG] cheese - null
[2018-06-09T10:32:04.485] [DEBUG] cheese - null
[2018-06-09T10:32:04.486] [DEBUG] cheese - null
[2018-06-09T10:32:10.487] [DEBUG] cheese - null
[2018-06-09T10:32:10.489] [DEBUG] cheese - null
[2018-06-09T10:32:12.334] [DEBUG] cheese - null
[2018-06-09T10:32:12.335] [DEBUG] cheese - null
[2018-06-09T10:32:17.799] [DEBUG] cheese - null
[2018-06-09T10:32:17.803] [DEBUG] cheese - null
[2018-06-09T10:32:38.258] [DEBUG] cheese - null
[2018-06-09T10:32:38.260] [DEBUG] cheese - null
[2018-06-09T10:32:38.360] [DEBUG] cheese - null
[2018-06-09T10:32:38.362] [DEBUG] cheese - null
[2018-06-09T10:34:11.675] [DEBUG] cheese - null
[2018-06-09T10:34:11.678] [DEBUG] cheese - null
[2018-06-09T10:34:22.401] [DEBUG] cheese - null
[2018-06-09T10:34:22.409] [DEBUG] cheese - null
[2018-06-09T10:34:29.354] [DEBUG] cheese - null
[2018-06-09T10:34:29.357] [DEBUG] cheese - null
[2018-06-09T10:34:36.879] [DEBUG] cheese - null
[2018-06-09T10:34:36.881] [DEBUG] cheese - null
[2018-06-09T10:34:36.990] [DEBUG] cheese - null
[2018-06-09T10:34:36.993] [DEBUG] cheese - null
[2018-06-09T10:34:46.562] [DEBUG] cheese - null
[2018-06-09T10:34:46.564] [DEBUG] cheese - null
[2018-06-09T10:35:41.357] [DEBUG] cheese - null
[2018-06-09T10:35:41.363] [DEBUG] cheese - null
[2018-06-09T10:36:33.867] [DEBUG] cheese - null
[2018-06-09T10:36:33.870] [DEBUG] cheese - null
[2018-06-09T10:41:19.684] [DEBUG] cheese - null
[2018-06-09T10:41:19.688] [DEBUG] cheese - null
[2018-06-09T10:41:26.584] [DEBUG] cheese - null
[2018-06-09T10:41:26.593] [DEBUG] cheese - null
[2018-06-09T10:41:30.392] [DEBUG] cheese - null
[2018-06-09T10:41:30.400] [DEBUG] cheese - null
[2018-06-09T10:47:20.122] [DEBUG] cheese - null
[2018-06-09T10:47:20.126] [DEBUG] cheese - null
[2018-06-09T10:47:23.346] [DEBUG] cheese - null
[2018-06-09T10:47:23.350] [DEBUG] cheese - null
[2018-06-09T10:47:25.164] [DEBUG] cheese - null
[2018-06-09T10:47:25.167] [DEBUG] cheese - null
[2018-06-09T10:48:02.709] [DEBUG] cheese - null
[2018-06-09T10:48:02.713] [DEBUG] cheese - null
[2018-06-09T10:48:05.849] [DEBUG] cheese - null
[2018-06-09T10:48:05.853] [DEBUG] cheese - null
[2018-06-09T10:48:07.416] [DEBUG] cheese - null
[2018-06-09T10:48:07.420] [DEBUG] cheese - null
[2018-06-09T10:48:25.924] [DEBUG] cheese - null
[2018-06-09T10:48:25.929] [DEBUG] cheese - null
[2018-06-09T10:48:34.878] [DEBUG] cheese - null
[2018-06-09T10:48:34.882] [DEBUG] cheese - null
[2018-06-09T10:48:36.636] [DEBUG] cheese - null
[2018-06-09T10:48:36.640] [DEBUG] cheese - null
[2018-06-09T10:53:02.192] [DEBUG] cheese - null
[2018-06-09T10:53:02.196] [DEBUG] cheese - null
[2018-06-09T10:53:04.644] [DEBUG] cheese - null
[2018-06-09T10:53:04.649] [DEBUG] cheese - null
[2018-06-09T10:53:12.379] [DEBUG] cheese - null
[2018-06-09T10:53:12.385] [DEBUG] cheese - null
[2018-06-09T10:54:43.003] [DEBUG] cheese - null
[2018-06-09T10:54:43.012] [DEBUG] cheese - null
[2018-06-09T10:54:44.573] [DEBUG] cheese - null
[2018-06-09T10:54:44.576] [DEBUG] cheese - null
[2018-06-09T10:58:55.711] [DEBUG] cheese - null
[2018-06-09T10:58:55.711] [DEBUG] cheese - null
[2018-06-09T10:59:02.561] [DEBUG] cheese - null
[2018-06-09T10:59:02.617] [DEBUG] cheese - null
[2018-06-09T10:59:03.858] [DEBUG] cheese - null
[2018-06-09T10:59:03.860] [DEBUG] cheese - null
[2018-06-09T10:59:13.983] [DEBUG] cheese - null
[2018-06-09T10:59:13.985] [DEBUG] cheese - null
[2018-06-09T10:59:44.055] [DEBUG] cheese - null
[2018-06-09T10:59:44.058] [DEBUG] cheese - null
[2018-06-09T10:59:50.145] [DEBUG] cheese - null
[2018-06-09T10:59:50.150] [DEBUG] cheese - null
[2018-06-09T10:59:59.131] [DEBUG] cheese - null
[2018-06-09T10:59:59.135] [DEBUG] cheese - null
[2018-06-09T11:00:53.422] [DEBUG] cheese - null
[2018-06-09T11:00:53.425] [DEBUG] cheese - null
[2018-06-09T11:09:05.116] [DEBUG] cheese - null
[2018-06-09T11:09:05.120] [DEBUG] cheese - null
[2018-06-09T11:09:12.971] [DEBUG] cheese - null
[2018-06-09T11:09:12.976] [DEBUG] cheese - null
[2018-06-09T11:09:13.841] [DEBUG] cheese - null
[2018-06-09T11:09:13.847] [DEBUG] cheese - null
[2018-06-09T11:09:21.604] [DEBUG] cheese - null
[2018-06-09T11:09:21.607] [DEBUG] cheese - null
[2018-06-09T11:10:34.361] [DEBUG] cheese - null
[2018-06-09T11:10:34.365] [DEBUG] cheese - null
[2018-06-09T11:13:22.290] [DEBUG] cheese - null
[2018-06-09T11:13:22.296] [DEBUG] cheese - null
[2018-06-09T11:17:26.157] [DEBUG] cheese - null
[2018-06-09T11:17:26.163] [DEBUG] cheese - null
[2018-06-09T11:17:29.168] [DEBUG] cheese - null
[2018-06-09T11:17:29.170] [DEBUG] cheese - null
[2018-06-09T11:18:12.492] [DEBUG] cheese - null
[2018-06-09T11:18:12.495] [DEBUG] cheese - null
[2018-06-09T11:18:23.260] [DEBUG] cheese - null
[2018-06-09T11:18:23.262] [DEBUG] cheese - null
[2018-06-09T11:25:57.760] [DEBUG] cheese - null
[2018-06-09T11:25:57.765] [DEBUG] cheese - null
[2018-06-09T11:25:59.149] [DEBUG] cheese - null
[2018-06-09T11:25:59.154] [DEBUG] cheese - null
[2018-06-09T11:34:49.849] [DEBUG] cheese - null
[2018-06-09T11:34:49.856] [DEBUG] cheese - null
[2018-06-09T11:35:07.754] [DEBUG] cheese - null
[2018-06-09T11:35:07.759] [DEBUG] cheese - null
[2018-06-09T11:37:45.113] [DEBUG] cheese - null
[2018-06-09T11:37:45.118] [DEBUG] cheese - null
[2018-06-09T11:39:02.511] [DEBUG] cheese - null
[2018-06-09T11:39:02.541] [DEBUG] cheese - null
[2018-06-09T11:44:35.314] [DEBUG] cheese - null
[2018-06-09T11:44:35.318] [DEBUG] cheese - null
[2018-06-09T14:14:02.580] [DEBUG] cheese - login => username:admin,password:123456
[2018-06-09T14:14:02.595] [DEBUG] cheese - admin
[2018-06-09T14:14:03.087] [DEBUG] cheese - null
[2018-06-09T14:14:03.088] [DEBUG] cheese - null
[2018-06-09T14:14:07.896] [DEBUG] cheese - null
[2018-06-09T14:14:07.900] [DEBUG] cheese - null
[2018-06-09T14:14:09.864] [DEBUG] cheese - null
[2018-06-09T14:14:09.867] [DEBUG] cheese - null
[2018-06-09T14:58:04.222] [DEBUG] cheese - null
[2018-06-09T14:58:04.224] [DEBUG] cheese - null
[2018-06-09T14:58:07.733] [DEBUG] cheese - null
[2018-06-09T14:58:07.738] [DEBUG] cheese - null
[2018-06-09T14:58:33.514] [DEBUG] cheese - null
[2018-06-09T14:58:33.522] [DEBUG] cheese - null
[2018-06-09T15:01:06.085] [DEBUG] cheese - null
[2018-06-09T15:01:06.088] [DEBUG] cheese - null
[2018-06-09T15:03:33.024] [DEBUG] cheese - null
[2018-06-09T15:03:33.036] [DEBUG] cheese - null
[2018-06-09T15:06:06.822] [DEBUG] cheese - null
[2018-06-09T15:06:06.824] [DEBUG] cheese - null
[2018-06-09T15:07:15.488] [DEBUG] cheese - null
[2018-06-09T15:07:15.490] [DEBUG] cheese - null
[2018-06-09T15:08:10.445] [DEBUG] cheese - null
[2018-06-09T15:08:10.450] [DEBUG] cheese - null
[2018-06-09T15:08:17.785] [DEBUG] cheese - null
[2018-06-09T15:08:17.789] [DEBUG] cheese - null
[2018-06-09T15:09:19.356] [DEBUG] cheese - null
[2018-06-09T15:09:19.362] [DEBUG] cheese - null
[2018-06-09T15:09:47.121] [DEBUG] cheese - null
[2018-06-09T15:09:47.124] [DEBUG] cheese - null
[2018-06-09T15:11:01.442] [DEBUG] cheese - null
[2018-06-09T15:11:01.444] [DEBUG] cheese - null
[2018-06-09T15:11:17.813] [DEBUG] cheese - null
[2018-06-09T15:11:17.817] [DEBUG] cheese - null
[2018-06-09T15:12:05.547] [DEBUG] cheese - null
[2018-06-09T15:12:05.550] [DEBUG] cheese - null
[2018-06-09T15:12:09.482] [DEBUG] cheese - null
[2018-06-09T15:12:09.485] [DEBUG] cheese - null
[2018-06-09T15:12:58.168] [DEBUG] cheese - null
[2018-06-09T15:12:58.174] [DEBUG] cheese - null
[2018-06-09T15:12:59.936] [DEBUG] cheese - null
[2018-06-09T15:12:59.940] [DEBUG] cheese - null
[2018-06-09T15:13:52.908] [DEBUG] cheese - null
[2018-06-09T15:13:52.908] [DEBUG] cheese - null
[2018-06-09T15:13:57.009] [DEBUG] cheese - null
[2018-06-09T15:13:57.014] [DEBUG] cheese - null
[2018-06-09T15:14:46.103] [DEBUG] cheese - null
[2018-06-09T15:14:46.107] [DEBUG] cheese - null
[2018-06-09T15:14:56.236] [DEBUG] cheese - null
[2018-06-09T15:14:56.239] [DEBUG] cheese - null
[2018-06-09T15:15:10.167] [DEBUG] cheese - null
[2018-06-09T15:15:10.177] [DEBUG] cheese - null
[2018-06-09T15:15:19.239] [DEBUG] cheese - null
[2018-06-09T15:15:19.243] [DEBUG] cheese - null
[2018-06-09T15:15:22.576] [DEBUG] cheese - null
[2018-06-09T15:15:22.579] [DEBUG] cheese - null
[2018-06-09T15:15:44.292] [DEBUG] cheese - null
[2018-06-09T15:15:44.300] [DEBUG] cheese - null
[2018-06-09T15:17:04.896] [DEBUG] cheese - null
[2018-06-09T15:17:04.898] [DEBUG] cheese - null
[2018-06-09T15:17:32.011] [DEBUG] cheese - null
[2018-06-09T15:17:32.015] [DEBUG] cheese - null
[2018-06-09T15:17:39.137] [DEBUG] cheese - null
[2018-06-09T15:17:39.139] [DEBUG] cheese - null
[2018-06-09T15:17:50.445] [DEBUG] cheese - null
[2018-06-09T15:17:50.453] [DEBUG] cheese - null
[2018-06-09T15:17:56.726] [DEBUG] cheese - null
[2018-06-09T15:17:56.732] [DEBUG] cheese - null
[2018-06-09T15:18:02.401] [DEBUG] cheese - null
[2018-06-09T15:18:02.405] [DEBUG] cheese - null
[2018-06-09T15:18:08.132] [DEBUG] cheese - null
[2018-06-09T15:18:08.135] [DEBUG] cheese - null
[2018-06-09T15:22:08.137] [DEBUG] cheese - null
[2018-06-09T15:22:08.144] [DEBUG] cheese - null
[2018-06-09T15:24:41.207] [DEBUG] cheese - null
[2018-06-09T15:24:41.210] [DEBUG] cheese - null
[2018-06-09T15:25:00.417] [DEBUG] cheese - null
[2018-06-09T15:25:00.417] [DEBUG] cheese - null
[2018-06-09T15:25:33.127] [DEBUG] cheese - null
[2018-06-09T15:25:33.148] [DEBUG] cheese - null
[2018-06-09T15:25:51.717] [DEBUG] cheese - null
[2018-06-09T15:25:51.726] [DEBUG] cheese - null
[2018-06-09T15:26:07.608] [DEBUG] cheese - null
[2018-06-09T15:26:07.706] [DEBUG] cheese - null
[2018-06-09T15:26:14.779] [DEBUG] cheese - null
[2018-06-09T15:26:14.786] [DEBUG] cheese - null
[2018-06-09T15:26:22.148] [DEBUG] cheese - null
[2018-06-09T15:26:22.151] [DEBUG] cheese - null
[2018-06-09T15:26:31.201] [DEBUG] cheese - null
[2018-06-09T15:26:31.203] [DEBUG] cheese - null
[2018-06-09T16:09:08.823] [DEBUG] cheese - null
[2018-06-09T16:09:08.827] [DEBUG] cheese - null
[2018-06-09T16:09:44.201] [DEBUG] cheese - null
[2018-06-09T16:09:44.204] [DEBUG] cheese - null
[2018-06-09T16:10:29.277] [DEBUG] cheese - null
[2018-06-09T16:10:29.283] [DEBUG] cheese - null
[2018-06-09T16:12:51.841] [DEBUG] cheese - null
[2018-06-09T16:12:51.849] [DEBUG] cheese - null
[2018-06-09T16:14:06.409] [DEBUG] cheese - null
[2018-06-09T16:14:06.415] [DEBUG] cheese - null
[2018-06-09T16:14:23.045] [DEBUG] cheese - null
[2018-06-09T16:14:23.078] [DEBUG] cheese - null
[2018-06-09T16:14:54.971] [DEBUG] cheese - null
[2018-06-09T16:14:54.977] [DEBUG] cheese - null
[2018-06-09T16:14:58.026] [DEBUG] cheese - null
[2018-06-09T16:14:58.028] [DEBUG] cheese - null
[2018-06-09T16:20:02.982] [DEBUG] cheese - null
[2018-06-09T16:20:02.987] [DEBUG] cheese - null
[2018-06-09T16:21:12.572] [DEBUG] cheese - null
[2018-06-09T16:21:12.575] [DEBUG] cheese - null
[2018-06-09T16:23:14.341] [DEBUG] cheese - null
[2018-06-09T16:23:14.341] [DEBUG] cheese - null
[2018-06-09T16:31:20.263] [DEBUG] cheese - null
[2018-06-09T16:31:20.269] [DEBUG] cheese - null
[2018-06-09T16:32:07.315] [DEBUG] cheese - null
[2018-06-09T16:32:07.337] [DEBUG] cheese - null
[2018-06-09T16:32:13.980] [DEBUG] cheese - null
[2018-06-09T16:32:13.983] [DEBUG] cheese - null
[2018-06-09T16:32:15.896] [DEBUG] cheese - null
[2018-06-09T16:32:15.900] [DEBUG] cheese - null
[2018-06-09T16:32:19.428] [DEBUG] cheese - null
[2018-06-09T16:32:19.436] [DEBUG] cheese - null
[2018-06-09T16:32:21.733] [DEBUG] cheese - null
[2018-06-09T16:32:21.737] [DEBUG] cheese - null
[2018-06-09T16:32:23.180] [DEBUG] cheese - null
[2018-06-09T16:32:23.183] [DEBUG] cheese - null
[2018-06-09T16:33:08.408] [DEBUG] cheese - null
[2018-06-09T16:33:08.411] [DEBUG] cheese - null
[2018-06-09T16:42:32.214] [DEBUG] cheese - null
[2018-06-09T16:42:32.217] [DEBUG] cheese - null
[2018-06-09T16:42:34.888] [DEBUG] cheese - null
[2018-06-09T16:42:34.890] [DEBUG] cheese - null
[2018-06-09T17:23:06.443] [DEBUG] cheese - null
[2018-06-09T17:23:06.446] [DEBUG] cheese - null
[2018-06-09T17:23:10.829] [DEBUG] cheese - null
[2018-06-09T17:23:10.831] [DEBUG] cheese - null
[2018-06-09T17:23:48.138] [DEBUG] cheese - null
[2018-06-09T17:23:48.143] [DEBUG] cheese - null
[2018-06-09T17:24:08.056] [DEBUG] cheese - null
[2018-06-09T17:24:08.061] [DEBUG] cheese - null
[2018-06-09T17:24:22.662] [DEBUG] cheese - null
[2018-06-09T17:24:22.666] [DEBUG] cheese - null
[2018-06-09T17:24:37.144] [DEBUG] cheese - null
[2018-06-09T17:24:37.148] [DEBUG] cheese - null
[2018-06-09T17:24:39.763] [DEBUG] cheese - null
[2018-06-09T17:24:39.765] [DEBUG] cheese - null
[2018-06-09T17:24:55.547] [DEBUG] cheese - null
[2018-06-09T17:24:55.551] [DEBUG] cheese - null
[2018-06-09T17:26:41.850] [DEBUG] cheese - null
[2018-06-09T17:26:41.856] [DEBUG] cheese - null
[2018-06-09T17:32:43.081] [DEBUG] cheese - null
[2018-06-09T17:32:43.081] [DEBUG] cheese - null
[2018-06-09T17:35:29.216] [DEBUG] cheese - null
[2018-06-09T17:35:29.219] [DEBUG] cheese - null
[2018-06-09T17:36:48.693] [DEBUG] cheese - null
[2018-06-09T17:36:48.708] [DEBUG] cheese - null
[2018-06-09T17:38:00.534] [DEBUG] cheese - null
[2018-06-09T17:38:00.534] [DEBUG] cheese - null
[2018-06-09T17:38:08.300] [DEBUG] cheese - null
[2018-06-09T17:38:08.302] [DEBUG] cheese - null
[2018-06-09T17:42:18.472] [DEBUG] cheese - null
[2018-06-09T17:42:18.480] [DEBUG] cheese - null
[2018-06-09T17:43:46.611] [DEBUG] cheese - null
[2018-06-09T17:43:46.616] [DEBUG] cheese - null
[2018-06-09T17:51:29.571] [DEBUG] cheese - null
[2018-06-09T17:51:29.586] [DEBUG] cheese - null
[2018-06-09T17:53:02.431] [DEBUG] cheese - null
[2018-06-09T17:53:02.433] [DEBUG] cheese - null
[2018-06-09T23:01:25.005] [DEBUG] cheese - login => username:admin,password:123456
[2018-06-09T23:01:25.005] [DEBUG] cheese - admin
[2018-06-09T23:01:25.145] [DEBUG] cheese - null
[2018-06-09T23:01:25.145] [DEBUG] cheese - null
[2018-06-09T23:01:28.696] [DEBUG] cheese - null
[2018-06-09T23:01:28.701] [DEBUG] cheese - null
[2018-06-09T23:01:31.368] [DEBUG] cheese - null
[2018-06-09T23:01:31.376] [DEBUG] cheese - null
[2018-06-09T23:03:46.097] [DEBUG] cheese - null
[2018-06-09T23:03:46.106] [DEBUG] cheese - null
[2018-06-09T23:06:02.710] [DEBUG] cheese - null
[2018-06-09T23:06:02.714] [DEBUG] cheese - null
[2018-06-09T23:06:04.997] [DEBUG] cheese - null
[2018-06-09T23:06:05.017] [DEBUG] cheese - null
[2018-06-09T23:06:07.693] [DEBUG] cheese - null
[2018-06-09T23:06:07.693] [DEBUG] cheese - null
[2018-06-09T23:09:48.447] [DEBUG] cheese - null
[2018-06-09T23:09:48.454] [DEBUG] cheese - null
[2018-06-09T23:09:50.244] [DEBUG] cheese - null
[2018-06-09T23:09:50.259] [DEBUG] cheese - null
[2018-06-09T23:16:47.073] [DEBUG] cheese - null
[2018-06-09T23:16:47.089] [DEBUG] cheese - null
[2018-06-09T23:19:08.956] [DEBUG] cheese - null
[2018-06-09T23:19:08.958] [DEBUG] cheese - null
[2018-06-09T23:20:16.033] [DEBUG] cheese - null
[2018-06-09T23:20:16.036] [DEBUG] cheese - null
[2018-06-09T23:20:27.761] [DEBUG] cheese - null
[2018-06-09T23:20:27.763] [DEBUG] cheese - null
[2018-06-09T23:23:54.307] [DEBUG] cheese - null
[2018-06-09T23:23:54.319] [DEBUG] cheese - null
[2018-06-09T23:24:04.275] [DEBUG] cheese - null
[2018-06-09T23:24:04.277] [DEBUG] cheese - null
[2018-06-09T23:24:23.343] [DEBUG] cheese - null
[2018-06-09T23:24:23.345] [DEBUG] cheese - null
[2018-06-09T23:24:33.069] [DEBUG] cheese - null
[2018-06-09T23:24:33.072] [DEBUG] cheese - null
[2018-06-09T23:24:44.046] [DEBUG] cheese - null
[2018-06-09T23:24:44.049] [DEBUG] cheese - null
[2018-06-09T23:24:44.917] [DEBUG] cheese - null
[2018-06-09T23:24:44.935] [DEBUG] cheese - null
[2018-06-09T23:26:25.202] [DEBUG] cheese - null
[2018-06-09T23:26:25.207] [DEBUG] cheese - null
[2018-06-09T23:27:45.849] [DEBUG] cheese - null
[2018-06-09T23:27:45.855] [DEBUG] cheese - null
[2018-06-09T23:27:53.190] [DEBUG] cheese - null
[2018-06-09T23:27:53.194] [DEBUG] cheese - null
[2018-06-09T23:28:06.578] [DEBUG] cheese - null
[2018-06-09T23:28:06.581] [DEBUG] cheese - null
[2018-06-09T23:28:07.340] [DEBUG] cheese - null
[2018-06-09T23:28:07.345] [DEBUG] cheese - null
[2018-06-09T23:28:07.644] [DEBUG] cheese - null
[2018-06-09T23:28:07.644] [DEBUG] cheese - null
[2018-06-09T23:28:08.586] [DEBUG] cheese - null
[2018-06-09T23:28:08.586] [DEBUG] cheese - null
[2018-06-09T23:28:10.016] [DEBUG] cheese - null
[2018-06-09T23:28:10.016] [DEBUG] cheese - null
[2018-06-09T23:30:56.201] [DEBUG] cheese - null
[2018-06-09T23:30:56.201] [DEBUG] cheese - null
[2018-06-09T23:31:32.340] [DEBUG] cheese - null
[2018-06-09T23:31:32.341] [DEBUG] cheese - null
[2018-06-09T23:33:49.753] [DEBUG] cheese - null
[2018-06-09T23:33:49.753] [DEBUG] cheese - null
[2018-06-09T23:34:24.262] [DEBUG] cheese - null
[2018-06-09T23:34:24.265] [DEBUG] cheese - null
[2018-06-09T23:35:50.087] [DEBUG] cheese - null
[2018-06-09T23:35:50.087] [DEBUG] cheese - null
[2018-06-09T23:36:30.281] [DEBUG] cheese - null
[2018-06-09T23:36:30.281] [DEBUG] cheese - null
[2018-06-09T23:37:05.058] [DEBUG] cheese - null
[2018-06-09T23:37:05.064] [DEBUG] cheese - null
[2018-06-09T23:37:13.437] [DEBUG] cheese - null
[2018-06-09T23:37:13.439] [DEBUG] cheese - null
[2018-06-09T23:37:17.761] [DEBUG] cheese - null
[2018-06-09T23:37:17.763] [DEBUG] cheese - null
[2018-06-09T23:37:24.897] [DEBUG] cheese - null
[2018-06-09T23:37:24.902] [DEBUG] cheese - null
[2018-06-09T23:37:35.806] [DEBUG] cheese - null
[2018-06-09T23:37:35.809] [DEBUG] cheese - null
[2018-06-09T23:39:31.180] [DEBUG] cheese - null
[2018-06-09T23:39:31.184] [DEBUG] cheese - null
[2018-06-09T23:39:43.715] [DEBUG] cheese - null
[2018-06-09T23:39:43.717] [DEBUG] cheese - null
[2018-06-09T23:39:45.175] [DEBUG] cheese - null
[2018-06-09T23:39:45.178] [DEBUG] cheese - null
[2018-06-09T23:40:11.485] [DEBUG] cheese - null
[2018-06-09T23:40:11.487] [DEBUG] cheese - null
[2018-06-09T23:40:14.081] [DEBUG] cheese - null
[2018-06-09T23:40:14.086] [DEBUG] cheese - null
[2018-06-09T23:40:15.317] [DEBUG] cheese - null
[2018-06-09T23:40:15.334] [DEBUG] cheese - null
[2018-06-09T23:40:29.787] [DEBUG] cheese - null
[2018-06-09T23:40:29.791] [DEBUG] cheese - null
[2018-06-09T23:41:30.305] [DEBUG] cheese - null
[2018-06-09T23:41:30.307] [DEBUG] cheese - null
[2018-06-09T23:41:31.454] [DEBUG] cheese - null
[2018-06-09T23:41:31.456] [DEBUG] cheese - null
[2018-06-09T23:41:46.746] [DEBUG] cheese - null
[2018-06-09T23:41:46.748] [DEBUG] cheese - null
[2018-06-09T23:41:48.125] [DEBUG] cheese - null
[2018-06-09T23:41:48.127] [DEBUG] cheese - null
[2018-06-09T23:43:06.045] [DEBUG] cheese - null
[2018-06-09T23:43:06.052] [DEBUG] cheese - null
[2018-06-09T23:43:07.157] [DEBUG] cheese - null
[2018-06-09T23:43:07.163] [DEBUG] cheese - null
[2018-06-09T23:43:07.974] [DEBUG] cheese - null
[2018-06-09T23:43:07.974] [DEBUG] cheese - null
[2018-06-09T23:45:38.663] [DEBUG] cheese - null
[2018-06-09T23:45:38.664] [DEBUG] cheese - null
[2018-06-09T23:46:38.536] [DEBUG] cheese - null
[2018-06-09T23:46:38.536] [DEBUG] cheese - null
[2018-06-09T23:47:24.930] [DEBUG] cheese - null
[2018-06-09T23:47:24.930] [DEBUG] cheese - null
[2018-06-09T23:49:15.932] [DEBUG] cheese - null
[2018-06-09T23:49:15.948] [DEBUG] cheese - null
[2018-06-09T23:54:47.003] [DEBUG] cheese - null
[2018-06-09T23:54:47.005] [DEBUG] cheese - null
[2018-06-09T23:55:54.816] [DEBUG] cheese - null
[2018-06-09T23:55:54.817] [DEBUG] cheese - null
[2018-06-10T00:00:07.929] [DEBUG] cheese - null
[2018-06-10T00:00:07.929] [DEBUG] cheese - null
[2018-06-10T00:01:02.110] [DEBUG] cheese - null
[2018-06-10T00:01:02.110] [DEBUG] cheese - null
[2018-06-10T00:01:24.338] [DEBUG] cheese - null
[2018-06-10T00:01:24.338] [DEBUG] cheese - null
[2018-06-10T00:02:14.792] [DEBUG] cheese - null
[2018-06-10T00:02:14.814] [DEBUG] cheese - null
[2018-06-10T00:02:26.712] [DEBUG] cheese - null
[2018-06-10T00:02:26.715] [DEBUG] cheese - null
[2018-06-10T00:02:28.179] [DEBUG] cheese - null
[2018-06-10T00:02:28.182] [DEBUG] cheese - null
[2018-06-10T00:02:31.465] [DEBUG] cheese - null
[2018-06-10T00:02:31.465] [DEBUG] cheese - null
[2018-06-10T13:00:29.466] [DEBUG] cheese - login => username:admin,password:123456
[2018-06-10T13:00:29.466] [DEBUG] cheese - admin
[2018-06-10T13:00:29.590] [DEBUG] cheese - null
[2018-06-10T13:00:29.590] [DEBUG] cheese - null
[2018-06-10T13:00:33.555] [DEBUG] cheese - null
[2018-06-10T13:00:33.557] [DEBUG] cheese - null
[2018-06-10T13:00:38.953] [DEBUG] cheese - null
[2018-06-10T13:00:38.957] [DEBUG] cheese - null
[2018-06-10T13:00:40.124] [DEBUG] cheese - null
[2018-06-10T13:00:40.127] [DEBUG] cheese - null
[2018-06-10T13:00:41.297] [DEBUG] cheese - null
[2018-06-10T13:00:41.301] [DEBUG] cheese - null
[2018-06-10T13:01:58.684] [DEBUG] cheese - null
[2018-06-10T13:01:58.686] [DEBUG] cheese - null
[2018-06-10T13:02:01.404] [DEBUG] cheese - null
[2018-06-10T13:02:01.408] [DEBUG] cheese - null
[2018-06-10T13:02:03.007] [DEBUG] cheese - null
[2018-06-10T13:02:03.010] [DEBUG] cheese - null
[2018-06-10T13:02:04.570] [DEBUG] cheese - null
[2018-06-10T13:02:04.572] [DEBUG] cheese - null
[2018-06-10T13:02:14.825] [DEBUG] cheese - null
[2018-06-10T13:02:14.828] [DEBUG] cheese - null
[2018-06-10T13:02:15.844] [DEBUG] cheese - null
[2018-06-10T13:02:15.864] [DEBUG] cheese - null
[2018-06-10T13:02:16.982] [DEBUG] cheese - null
[2018-06-10T13:02:16.985] [DEBUG] cheese - null
[2018-06-10T13:02:19.275] [DEBUG] cheese - null
[2018-06-10T13:02:19.278] [DEBUG] cheese - null
[2018-06-10T13:02:29.426] [DEBUG] cheese - null
[2018-06-10T13:02:29.429] [DEBUG] cheese - null
[2018-06-10T13:02:30.376] [DEBUG] cheese - null
[2018-06-10T13:02:30.380] [DEBUG] cheese - null
[2018-06-10T13:02:31.585] [DEBUG] cheese - null
[2018-06-10T13:02:31.589] [DEBUG] cheese - null
[2018-06-10T13:02:32.561] [DEBUG] cheese - null
[2018-06-10T13:02:32.561] [DEBUG] cheese - null
[2018-06-10T13:03:14.067] [DEBUG] cheese - null
[2018-06-10T13:03:14.070] [DEBUG] cheese - null
[2018-06-10T13:03:17.887] [DEBUG] cheese - null
[2018-06-10T13:03:17.890] [DEBUG] cheese - null
[2018-06-10T13:03:27.478] [DEBUG] cheese - null
[2018-06-10T13:03:27.481] [DEBUG] cheese - null
[2018-06-10T13:03:28.329] [DEBUG] cheese - null
[2018-06-10T13:03:28.331] [DEBUG] cheese - null
[2018-06-10T13:03:28.964] [DEBUG] cheese - null
[2018-06-10T13:03:28.964] [DEBUG] cheese - null
[2018-06-10T13:03:29.677] [DEBUG] cheese - null
[2018-06-10T13:03:29.677] [DEBUG] cheese - null
[2018-06-10T13:04:59.699] [DEBUG] cheese - null
[2018-06-10T13:04:59.715] [DEBUG] cheese - null
[2018-06-10T13:10:17.109] [DEBUG] cheese - null
[2018-06-10T13:10:17.111] [DEBUG] cheese - null
[2018-06-10T13:13:57.882] [DEBUG] cheese - null
[2018-06-10T13:13:57.882] [DEBUG] cheese - null
[2018-06-10T13:15:42.542] [DEBUG] cheese - null
[2018-06-10T13:15:42.542] [DEBUG] cheese - null
[2018-06-10T13:17:04.578] [DEBUG] cheese - null
[2018-06-10T13:17:04.581] [DEBUG] cheese - null
[2018-06-10T13:18:45.259] [DEBUG] cheese - null
[2018-06-10T13:18:45.263] [DEBUG] cheese - null
[2018-06-10T13:19:53.016] [DEBUG] cheese - null
[2018-06-10T13:19:53.019] [DEBUG] cheese - null
[2018-06-10T13:22:12.773] [DEBUG] cheese - null
[2018-06-10T13:22:12.777] [DEBUG] cheese - null
[2018-06-10T13:22:33.493] [DEBUG] cheese - null
[2018-06-10T13:22:33.496] [DEBUG] cheese - null
[2018-06-10T13:23:37.940] [DEBUG] cheese - null
[2018-06-10T13:23:37.943] [DEBUG] cheese - null
